Using pre-set license
Built from '2021.1/staging' branch; Version is '2021.1.6f1 (c0fade0cc7e9) revision 12647134'; Using compiler version '192528614'; Build Type 'Release'
OS: 'Windows 10 Home; OS build 19042.985; Version 2009; 64bit' Language: 'en' Physical Memory: 8051 MB
BatchMode: 1, IsHumanControllingUs: 0, StartBugReporterOnCrash: 0, Is64bit: 1, IsPro: 0

 COMMAND LINE ARGUMENTS:
D:\Users\angel\Documents\Unity\Unity Versions\2021.1.6f1\Editor\Unity.exe
-adb2
-batchMode
-noUpm
-name
AssetImportWorker2
-projectPath
D:/Users/angel/Documents/GitHubs/Desarrollo_Quirino/Enter the Gungeon
-logFile
Logs/AssetImportWorker2.log
-srvPort
59574
Successfully changed project path to: D:/Users/angel/Documents/GitHubs/Desarrollo_Quirino/Enter the Gungeon
D:/Users/angel/Documents/GitHubs/Desarrollo_Quirino/Enter the Gungeon
Using Asset Import Pipeline V2.
Refreshing native plugins compatible for Editor in 122.73 ms, found 2 plugins.
Preloading 0 native plugins for Editor in 0.00 ms.
Initialize engine version: 2021.1.6f1 (c0fade0cc7e9)
[Subsystems] Discovering subsystems at path D:/Users/angel/Documents/Unity/Unity Versions/2021.1.6f1/Editor/Data/Resources/UnitySubsystems
[Subsystems] Discovering subsystems at path D:/Users/angel/Documents/GitHubs/Desarrollo_Quirino/Enter the Gungeon/Assets
GfxDevice: creating device client; threaded=0; jobified=0
Direct3D:
    Version:  Direct3D 11.0 [level 11.1]
    Renderer: NVIDIA GeForce GTX 1050 Ti (ID=0x1c8c)
    Vendor:   NVIDIA
    VRAM:     4018 MB
    Driver:   27.21.14.5771
Initialize mono
Mono path[0] = 'D:/Users/angel/Documents/Unity/Unity Versions/2021.1.6f1/Editor/Data/Managed'
Mono path[1] = 'D:/Users/angel/Documents/Unity/Unity Versions/2021.1.6f1/Editor/Data/MonoBleedingEdge/lib/mono/unityjit'
Mono config path = 'D:/Users/angel/Documents/Unity/Unity Versions/2021.1.6f1/Editor/Data/MonoBleedingEdge/etc'
Using monoOptions --debugger-agent=transport=dt_socket,embedding=1,server=y,suspend=n,address=127.0.0.1:56720
Begin MonoManager ReloadAssembly
Registering precompiled unity dll's ...
Register platform support module: D:/Users/angel/Documents/Unity/Unity Versions/2021.1.6f1/Editor/Data/PlaybackEngines/WindowsStandaloneSupport/UnityEditor.WindowsStandalone.Extensions.dll
Registered in 0.002142 seconds.
Native extension for WindowsStandalone target not found
Refreshing native plugins compatible for Editor in 177.49 ms, found 2 plugins.
Preloading 0 native plugins for Editor in 0.00 ms.
Mono: successfully reloaded assembly
- Completed reload, in  1.928 seconds
Platform modules already initialized, skipping
Registering precompiled user dll's ...
Registered in 0.005993 seconds.
Begin MonoManager ReloadAssembly
Native extension for WindowsStandalone target not found
Refreshing native plugins compatible for Editor in 171.90 ms, found 2 plugins.
Preloading 0 native plugins for Editor in 0.00 ms.
Mono: successfully reloaded assembly
- Completed reload, in  2.140 seconds
Platform modules already initialized, skipping
========================================================================
Worker process is ready to serve import requests
Launched and connected shader compiler UnityShaderCompiler.exe after 0.25 seconds
Refreshing native plugins compatible for Editor in 0.95 ms, found 2 plugins.
Preloading 0 native plugins for Editor in 0.00 ms.
Unloading 3676 Unused Serialized files (Serialized files now loaded: 0)
System memory in use before: 138.5 MB.
System memory in use after: 138.5 MB.

Unloading 31 unused Assets to reduce memory usage. Loaded Objects now: 4131.
Total: 4.718100 ms (FindLiveObjects: 0.480500 ms CreateObjectMapping: 0.363900 ms MarkObjects: 3.675100 ms  DeleteObjects: 0.196900 ms)

========================================================================
Received Import Request.
  path: Assets/Prefabs/Player.prefab
  artifactKey: Guid(04ea460011165f94592452d2d740b2a5) Importer(815301076,1909f56bfc062723c751e8b465ee728b)
Start importing Assets/Prefabs/Player.prefab using Guid(04ea460011165f94592452d2d740b2a5) Importer(815301076,1909f56bfc062723c751e8b465ee728b)  -> (artifact id: '9aadd161d14ac6f0b419cb5459eb6e5b') in 0.470077 seconds 
========================================================================
Received Prepare
Registering precompiled user dll's ...
Registered in 0.003214 seconds.
Begin MonoManager ReloadAssembly
Native extension for WindowsStandalone target not found
Refreshing native plugins compatible for Editor in 0.67 ms, found 2 plugins.
Preloading 0 native plugins for Editor in 0.00 ms.
Mono: successfully reloaded assembly
- Completed reload, in  1.107 seconds
Platform modules already initialized, skipping
Refreshing native plugins compatible for Editor in 0.66 ms, found 2 plugins.
Preloading 0 native plugins for Editor in 0.00 ms.
Unloading 3671 Unused Serialized files (Serialized files now loaded: 0)
System memory in use before: 142.8 MB.
System memory in use after: 142.9 MB.

Unloading 17 unused Assets to reduce memory usage. Loaded Objects now: 4142.
Total: 2.679800 ms (FindLiveObjects: 0.280500 ms CreateObjectMapping: 0.143000 ms MarkObjects: 2.174700 ms  DeleteObjects: 0.080700 ms)

========================================================================
Received Prepare
Registering precompiled user dll's ...
Registered in 0.003137 seconds.
Begin MonoManager ReloadAssembly
Native extension for WindowsStandalone target not found
Refreshing native plugins compatible for Editor in 0.75 ms, found 2 plugins.
Preloading 0 native plugins for Editor in 0.00 ms.
Mono: successfully reloaded assembly
- Completed reload, in  1.200 seconds
Platform modules already initialized, skipping
Refreshing native plugins compatible for Editor in 0.69 ms, found 2 plugins.
Preloading 0 native plugins for Editor in 0.00 ms.
Unloading 3671 Unused Serialized files (Serialized files now loaded: 0)
System memory in use before: 142.8 MB.
System memory in use after: 142.9 MB.

Unloading 17 unused Assets to reduce memory usage. Loaded Objects now: 4146.
Total: 3.056000 ms (FindLiveObjects: 0.290400 ms CreateObjectMapping: 0.172300 ms MarkObjects: 2.499100 ms  DeleteObjects: 0.093600 ms)

========================================================================
Received Prepare
Registering precompiled user dll's ...
Registered in 0.004535 seconds.
Begin MonoManager ReloadAssembly
Native extension for WindowsStandalone target not found
Refreshing native plugins compatible for Editor in 1.77 ms, found 2 plugins.
Preloading 0 native plugins for Editor in 0.00 ms.
Mono: successfully reloaded assembly
- Completed reload, in  2.665 seconds
Platform modules already initialized, skipping
Refreshing native plugins compatible for Editor in 1.08 ms, found 2 plugins.
Preloading 0 native plugins for Editor in 0.00 ms.
Unloading 3671 Unused Serialized files (Serialized files now loaded: 0)
System memory in use before: 142.9 MB.
System memory in use after: 143.0 MB.

Unloading 17 unused Assets to reduce memory usage. Loaded Objects now: 4150.
Total: 5.190600 ms (FindLiveObjects: 0.448500 ms CreateObjectMapping: 0.374800 ms MarkObjects: 4.196700 ms  DeleteObjects: 0.168800 ms)

========================================================================
Received Prepare
Registering precompiled user dll's ...
Registered in 0.004293 seconds.
Begin MonoManager ReloadAssembly
Native extension for WindowsStandalone target not found
Refreshing native plugins compatible for Editor in 0.82 ms, found 2 plugins.
Preloading 0 native plugins for Editor in 0.00 ms.
Mono: successfully reloaded assembly
- Completed reload, in  1.405 seconds
Platform modules already initialized, skipping
Refreshing native plugins compatible for Editor in 0.82 ms, found 2 plugins.
Preloading 0 native plugins for Editor in 0.00 ms.
Unloading 3671 Unused Serialized files (Serialized files now loaded: 0)
System memory in use before: 142.9 MB.
System memory in use after: 143.0 MB.

Unloading 17 unused Assets to reduce memory usage. Loaded Objects now: 4154.
Total: 3.707700 ms (FindLiveObjects: 0.365700 ms CreateObjectMapping: 0.232000 ms MarkObjects: 2.994300 ms  DeleteObjects: 0.114500 ms)

========================================================================
Received Prepare
Registering precompiled user dll's ...
Registered in 0.004642 seconds.
Begin MonoManager ReloadAssembly
Native extension for WindowsStandalone target not found
Refreshing native plugins compatible for Editor in 0.82 ms, found 2 plugins.
Preloading 0 native plugins for Editor in 0.00 ms.
Mono: successfully reloaded assembly
- Completed reload, in  1.084 seconds
Platform modules already initialized, skipping
Refreshing native plugins compatible for Editor in 0.67 ms, found 2 plugins.
Preloading 0 native plugins for Editor in 0.00 ms.
Unloading 3671 Unused Serialized files (Serialized files now loaded: 0)
System memory in use before: 142.9 MB.
System memory in use after: 143.0 MB.

Unloading 17 unused Assets to reduce memory usage. Loaded Objects now: 4158.
Total: 3.004300 ms (FindLiveObjects: 0.281400 ms CreateObjectMapping: 0.149900 ms MarkObjects: 2.487700 ms  DeleteObjects: 0.084600 ms)

========================================================================
Received Prepare
Registering precompiled user dll's ...
Registered in 0.003234 seconds.
Begin MonoManager ReloadAssembly
Native extension for WindowsStandalone target not found
Refreshing native plugins compatible for Editor in 0.76 ms, found 2 plugins.
Preloading 0 native plugins for Editor in 0.00 ms.
Mono: successfully reloaded assembly
- Completed reload, in  1.065 seconds
Platform modules already initialized, skipping
Refreshing native plugins compatible for Editor in 0.75 ms, found 2 plugins.
Preloading 0 native plugins for Editor in 0.00 ms.
Unloading 3671 Unused Serialized files (Serialized files now loaded: 0)
System memory in use before: 142.9 MB.
System memory in use after: 143.0 MB.

Unloading 17 unused Assets to reduce memory usage. Loaded Objects now: 4162.
Total: 3.003900 ms (FindLiveObjects: 0.307700 ms CreateObjectMapping: 0.174500 ms MarkObjects: 2.415400 ms  DeleteObjects: 0.105300 ms)

========================================================================
Received Prepare
Registering precompiled user dll's ...
Registered in 0.004469 seconds.
Begin MonoManager ReloadAssembly
Native extension for WindowsStandalone target not found
Refreshing native plugins compatible for Editor in 0.71 ms, found 2 plugins.
Preloading 0 native plugins for Editor in 0.00 ms.
Mono: successfully reloaded assembly
- Completed reload, in  1.236 seconds
Platform modules already initialized, skipping
Refreshing native plugins compatible for Editor in 0.71 ms, found 2 plugins.
Preloading 0 native plugins for Editor in 0.00 ms.
Unloading 3671 Unused Serialized files (Serialized files now loaded: 0)
System memory in use before: 142.9 MB.
System memory in use after: 143.0 MB.

Unloading 17 unused Assets to reduce memory usage. Loaded Objects now: 4166.
Total: 3.129700 ms (FindLiveObjects: 0.394700 ms CreateObjectMapping: 0.174200 ms MarkObjects: 2.465700 ms  DeleteObjects: 0.094100 ms)

========================================================================
Received Prepare
Registering precompiled user dll's ...
Registered in 0.098171 seconds.
Begin MonoManager ReloadAssembly
Native extension for WindowsStandalone target not found
Refreshing native plugins compatible for Editor in 0.66 ms, found 2 plugins.
Preloading 0 native plugins for Editor in 0.00 ms.
Mono: successfully reloaded assembly
- Completed reload, in  2.569 seconds
Platform modules already initialized, skipping
Refreshing native plugins compatible for Editor in 0.90 ms, found 2 plugins.
Preloading 0 native plugins for Editor in 0.00 ms.
Unloading 3671 Unused Serialized files (Serialized files now loaded: 0)
System memory in use before: 142.9 MB.
System memory in use after: 143.0 MB.

Unloading 17 unused Assets to reduce memory usage. Loaded Objects now: 4170.
Total: 2.834000 ms (FindLiveObjects: 0.323700 ms CreateObjectMapping: 0.165100 ms MarkObjects: 2.201500 ms  DeleteObjects: 0.143000 ms)

========================================================================
Received Prepare
Registering precompiled user dll's ...
Registered in 0.003782 seconds.
Begin MonoManager ReloadAssembly
Native extension for WindowsStandalone target not found
Refreshing native plugins compatible for Editor in 0.64 ms, found 2 plugins.
Preloading 0 native plugins for Editor in 0.00 ms.
Mono: successfully reloaded assembly
- Completed reload, in  1.108 seconds
Platform modules already initialized, skipping
Refreshing native plugins compatible for Editor in 0.82 ms, found 2 plugins.
Preloading 0 native plugins for Editor in 0.00 ms.
Unloading 3671 Unused Serialized files (Serialized files now loaded: 0)
System memory in use before: 142.9 MB.
System memory in use after: 143.1 MB.

Unloading 17 unused Assets to reduce memory usage. Loaded Objects now: 4174.
Total: 3.239700 ms (FindLiveObjects: 0.311700 ms CreateObjectMapping: 0.219600 ms MarkObjects: 2.600000 ms  DeleteObjects: 0.107100 ms)

========================================================================
Received Prepare
Registering precompiled user dll's ...
Registered in 0.003382 seconds.
Begin MonoManager ReloadAssembly
Native extension for WindowsStandalone target not found
Refreshing native plugins compatible for Editor in 1.61 ms, found 2 plugins.
Preloading 0 native plugins for Editor in 0.00 ms.
Mono: successfully reloaded assembly
- Completed reload, in  1.488 seconds
Platform modules already initialized, skipping
Refreshing native plugins compatible for Editor in 1.89 ms, found 2 plugins.
Preloading 0 native plugins for Editor in 0.00 ms.
Unloading 3671 Unused Serialized files (Serialized files now loaded: 0)
System memory in use before: 143.0 MB.
System memory in use after: 143.1 MB.

Unloading 17 unused Assets to reduce memory usage. Loaded Objects now: 4178.
Total: 4.715500 ms (FindLiveObjects: 1.042400 ms CreateObjectMapping: 0.333100 ms MarkObjects: 3.239900 ms  DeleteObjects: 0.096800 ms)

========================================================================
Received Prepare
Registering precompiled user dll's ...
Registered in 0.007368 seconds.
Begin MonoManager ReloadAssembly
Native extension for WindowsStandalone target not found
Refreshing native plugins compatible for Editor in 0.69 ms, found 2 plugins.
Preloading 0 native plugins for Editor in 0.00 ms.
Mono: successfully reloaded assembly
- Completed reload, in  1.205 seconds
Platform modules already initialized, skipping
Refreshing native plugins compatible for Editor in 0.70 ms, found 2 plugins.
Preloading 0 native plugins for Editor in 0.00 ms.
Unloading 3671 Unused Serialized files (Serialized files now loaded: 0)
System memory in use before: 143.0 MB.
System memory in use after: 143.1 MB.

Unloading 17 unused Assets to reduce memory usage. Loaded Objects now: 4182.
Total: 7.733900 ms (FindLiveObjects: 0.643000 ms CreateObjectMapping: 0.647800 ms MarkObjects: 6.347100 ms  DeleteObjects: 0.094800 ms)

========================================================================
Received Prepare
Registering precompiled user dll's ...
Registered in 0.003391 seconds.
Begin MonoManager ReloadAssembly
Native extension for WindowsStandalone target not found
Refreshing native plugins compatible for Editor in 0.66 ms, found 2 plugins.
Preloading 0 native plugins for Editor in 0.00 ms.
Mono: successfully reloaded assembly
- Completed reload, in  1.141 seconds
Platform modules already initialized, skipping
Refreshing native plugins compatible for Editor in 0.66 ms, found 2 plugins.
Preloading 0 native plugins for Editor in 0.00 ms.
Unloading 3671 Unused Serialized files (Serialized files now loaded: 0)
System memory in use before: 143.0 MB.
System memory in use after: 143.1 MB.

Unloading 17 unused Assets to reduce memory usage. Loaded Objects now: 4186.
Total: 2.741800 ms (FindLiveObjects: 0.298100 ms CreateObjectMapping: 0.179200 ms MarkObjects: 2.178900 ms  DeleteObjects: 0.085000 ms)

========================================================================
Received Prepare
Registering precompiled user dll's ...
Registered in 0.004426 seconds.
Begin MonoManager ReloadAssembly
Native extension for WindowsStandalone target not found
Refreshing native plugins compatible for Editor in 0.72 ms, found 2 plugins.
Preloading 0 native plugins for Editor in 0.00 ms.
Mono: successfully reloaded assembly
- Completed reload, in  1.289 seconds
Platform modules already initialized, skipping
Refreshing native plugins compatible for Editor in 0.80 ms, found 2 plugins.
Preloading 0 native plugins for Editor in 0.00 ms.
Unloading 3671 Unused Serialized files (Serialized files now loaded: 0)
System memory in use before: 143.0 MB.
System memory in use after: 143.1 MB.

Unloading 17 unused Assets to reduce memory usage. Loaded Objects now: 4190.
Total: 3.871300 ms (FindLiveObjects: 0.420900 ms CreateObjectMapping: 0.297900 ms MarkObjects: 3.021900 ms  DeleteObjects: 0.129000 ms)

========================================================================
Received Prepare
Registering precompiled user dll's ...
Registered in 0.003221 seconds.
Begin MonoManager ReloadAssembly
Native extension for WindowsStandalone target not found
Refreshing native plugins compatible for Editor in 0.67 ms, found 2 plugins.
Preloading 0 native plugins for Editor in 0.00 ms.
Mono: successfully reloaded assembly
- Completed reload, in  0.986 seconds
Platform modules already initialized, skipping
Refreshing native plugins compatible for Editor in 0.66 ms, found 2 plugins.
Preloading 0 native plugins for Editor in 0.00 ms.
Unloading 3671 Unused Serialized files (Serialized files now loaded: 0)
System memory in use before: 143.0 MB.
System memory in use after: 143.1 MB.

Unloading 17 unused Assets to reduce memory usage. Loaded Objects now: 4194.
Total: 2.952100 ms (FindLiveObjects: 0.288800 ms CreateObjectMapping: 0.203900 ms MarkObjects: 2.364400 ms  DeleteObjects: 0.094200 ms)

========================================================================
Received Prepare
Registering precompiled user dll's ...
Registered in 0.003232 seconds.
Begin MonoManager ReloadAssembly
Native extension for WindowsStandalone target not found
Refreshing native plugins compatible for Editor in 0.91 ms, found 2 plugins.
Preloading 0 native plugins for Editor in 0.00 ms.
Mono: successfully reloaded assembly
- Completed reload, in  1.289 seconds
Platform modules already initialized, skipping
Refreshing native plugins compatible for Editor in 0.64 ms, found 2 plugins.
Preloading 0 native plugins for Editor in 0.00 ms.
Unloading 3671 Unused Serialized files (Serialized files now loaded: 0)
System memory in use before: 143.0 MB.
System memory in use after: 143.1 MB.

Unloading 17 unused Assets to reduce memory usage. Loaded Objects now: 4198.
Total: 2.753700 ms (FindLiveObjects: 0.302500 ms CreateObjectMapping: 0.158700 ms MarkObjects: 2.203000 ms  DeleteObjects: 0.088800 ms)

========================================================================
Received Prepare
Registering precompiled user dll's ...
Registered in 0.062558 seconds.
Begin MonoManager ReloadAssembly
Native extension for WindowsStandalone target not found
Refreshing native plugins compatible for Editor in 1.04 ms, found 2 plugins.
Preloading 0 native plugins for Editor in 0.00 ms.
Mono: successfully reloaded assembly
- Completed reload, in  1.873 seconds
Platform modules already initialized, skipping
Refreshing native plugins compatible for Editor in 1.08 ms, found 2 plugins.
Preloading 0 native plugins for Editor in 0.00 ms.
Unloading 3671 Unused Serialized files (Serialized files now loaded: 0)
System memory in use before: 143.0 MB.
System memory in use after: 143.1 MB.

Unloading 17 unused Assets to reduce memory usage. Loaded Objects now: 4202.
Total: 10.601900 ms (FindLiveObjects: 0.442100 ms CreateObjectMapping: 0.330500 ms MarkObjects: 8.379800 ms  DeleteObjects: 1.438400 ms)

========================================================================
Received Prepare
Registering precompiled user dll's ...
Registered in 0.015192 seconds.
Begin MonoManager ReloadAssembly
Native extension for WindowsStandalone target not found
Refreshing native plugins compatible for Editor in 2.91 ms, found 2 plugins.
Preloading 0 native plugins for Editor in 0.00 ms.
Mono: successfully reloaded assembly
- Completed reload, in  4.525 seconds
Platform modules already initialized, skipping
Refreshing native plugins compatible for Editor in 2.26 ms, found 2 plugins.
Preloading 0 native plugins for Editor in 0.00 ms.
Unloading 3671 Unused Serialized files (Serialized files now loaded: 0)
System memory in use before: 143.0 MB.
System memory in use after: 143.1 MB.

Unloading 17 unused Assets to reduce memory usage. Loaded Objects now: 4206.
Total: 8.069400 ms (FindLiveObjects: 0.683800 ms CreateObjectMapping: 0.541300 ms MarkObjects: 6.676200 ms  DeleteObjects: 0.165600 ms)

========================================================================
Received Import Request.
  Time since last request: 3782.030570 seconds.
  path: Assets/Prefabs/Player.prefab
  artifactKey: Guid(04ea460011165f94592452d2d740b2a5) Importer(815301076,1909f56bfc062723c751e8b465ee728b)
Start importing Assets/Prefabs/Player.prefab using Guid(04ea460011165f94592452d2d740b2a5) Importer(815301076,1909f56bfc062723c751e8b465ee728b)  -> (artifact id: 'be83e892f769265ee1e14aa8e6ed1b0a') in 0.337803 seconds 
========================================================================
Received Import Request.
  Time since last request: 20.659351 seconds.
  path: Assets/Prefabs/Player.prefab
  artifactKey: Guid(04ea460011165f94592452d2d740b2a5) Importer(815301076,1909f56bfc062723c751e8b465ee728b)
Start importing Assets/Prefabs/Player.prefab using Guid(04ea460011165f94592452d2d740b2a5) Importer(815301076,1909f56bfc062723c751e8b465ee728b)  -> (artifact id: '27d8cb2c05c3288c9ea8e3d084bd2ea7') in 0.046556 seconds 
========================================================================
Received Prepare
Registering precompiled user dll's ...
Registered in 0.006239 seconds.
Begin MonoManager ReloadAssembly
Native extension for WindowsStandalone target not found
Refreshing native plugins compatible for Editor in 0.98 ms, found 2 plugins.
Preloading 0 native plugins for Editor in 0.00 ms.
Mono: successfully reloaded assembly
- Completed reload, in  2.034 seconds
Platform modules already initialized, skipping
Refreshing native plugins compatible for Editor in 0.79 ms, found 2 plugins.
Preloading 0 native plugins for Editor in 0.00 ms.
Unloading 3671 Unused Serialized files (Serialized files now loaded: 0)
System memory in use before: 143.0 MB.
System memory in use after: 143.1 MB.

Unloading 17 unused Assets to reduce memory usage. Loaded Objects now: 4211.
Total: 3.756400 ms (FindLiveObjects: 0.411600 ms CreateObjectMapping: 0.246700 ms MarkObjects: 2.972100 ms  DeleteObjects: 0.124500 ms)

========================================================================
Received Import Request.
  Time since last request: 67.853531 seconds.
  path: Assets/Prefabs/Player.prefab
  artifactKey: Guid(04ea460011165f94592452d2d740b2a5) Importer(815301076,1909f56bfc062723c751e8b465ee728b)
Start importing Assets/Prefabs/Player.prefab using Guid(04ea460011165f94592452d2d740b2a5) Importer(815301076,1909f56bfc062723c751e8b465ee728b)  -> (artifact id: '2c9212a32ebdf337b3e54e11f34666b8') in 0.124145 seconds 
========================================================================
Received Prepare
Registering precompiled user dll's ...
Registered in 0.004691 seconds.
Begin MonoManager ReloadAssembly
Native extension for WindowsStandalone target not found
Refreshing native plugins compatible for Editor in 1.96 ms, found 2 plugins.
Preloading 0 native plugins for Editor in 0.00 ms.
Mono: successfully reloaded assembly
- Completed reload, in  2.709 seconds
Platform modules already initialized, skipping
Refreshing native plugins compatible for Editor in 2.24 ms, found 2 plugins.
Preloading 0 native plugins for Editor in 0.00 ms.
Unloading 3671 Unused Serialized files (Serialized files now loaded: 0)
System memory in use before: 143.1 MB.
System memory in use after: 143.2 MB.

Unloading 17 unused Assets to reduce memory usage. Loaded Objects now: 4216.
Total: 4.829100 ms (FindLiveObjects: 1.218300 ms CreateObjectMapping: 0.382700 ms MarkObjects: 3.090000 ms  DeleteObjects: 0.134500 ms)

========================================================================
Received Prepare
Registering precompiled user dll's ...
Registered in 0.014741 seconds.
Begin MonoManager ReloadAssembly
Native extension for WindowsStandalone target not found
Refreshing native plugins compatible for Editor in 1.25 ms, found 2 plugins.
Preloading 0 native plugins for Editor in 0.00 ms.
Mono: successfully reloaded assembly
- Completed reload, in  2.524 seconds
Platform modules already initialized, skipping
Refreshing native plugins compatible for Editor in 1.70 ms, found 2 plugins.
Preloading 0 native plugins for Editor in 0.00 ms.
Unloading 3671 Unused Serialized files (Serialized files now loaded: 0)
System memory in use before: 143.1 MB.
System memory in use after: 143.2 MB.

Unloading 17 unused Assets to reduce memory usage. Loaded Objects now: 4220.
Total: 5.721300 ms (FindLiveObjects: 0.832300 ms CreateObjectMapping: 0.466200 ms MarkObjects: 4.283800 ms  DeleteObjects: 0.137200 ms)

========================================================================
Received Import Request.
  Time since last request: 426.176886 seconds.
  path: Assets/Prefabs/Player.prefab
  artifactKey: Guid(04ea460011165f94592452d2d740b2a5) Importer(815301076,1909f56bfc062723c751e8b465ee728b)
Start importing Assets/Prefabs/Player.prefab using Guid(04ea460011165f94592452d2d740b2a5) Importer(815301076,1909f56bfc062723c751e8b465ee728b)  -> (artifact id: 'cbdaa8281b0d5957893e6762c996d863') in 0.161782 seconds 
========================================================================
Received Import Request.
  Time since last request: 57.732755 seconds.
  path: Assets/Prefabs/PlayerSprite.prefab
  artifactKey: Guid(04ea460011165f94592452d2d740b2a5) Importer(815301076,1909f56bfc062723c751e8b465ee728b)
Start importing Assets/Prefabs/PlayerSprite.prefab using Guid(04ea460011165f94592452d2d740b2a5) Importer(815301076,1909f56bfc062723c751e8b465ee728b)  -> (artifact id: '4e10f7feb2407475f62e8cbbaa23b8c9') in 0.031323 seconds 
========================================================================
Received Import Request.
  Time since last request: 332.432267 seconds.
  path: Assets/Prefabs/PlayerSprite.prefab
  artifactKey: Guid(04ea460011165f94592452d2d740b2a5) Importer(815301076,1909f56bfc062723c751e8b465ee728b)
Start importing Assets/Prefabs/PlayerSprite.prefab using Guid(04ea460011165f94592452d2d740b2a5) Importer(815301076,1909f56bfc062723c751e8b465ee728b)  -> (artifact id: 'b598f2b5fc39d8990feac43c17128754') in 0.032947 seconds 
========================================================================
Received Import Request.
  Time since last request: 2.798037 seconds.
  path: Assets/Prefabs/PlayerSprite.prefab
  artifactKey: Guid(04ea460011165f94592452d2d740b2a5) Importer(815301076,1909f56bfc062723c751e8b465ee728b)
Start importing Assets/Prefabs/PlayerSprite.prefab using Guid(04ea460011165f94592452d2d740b2a5) Importer(815301076,1909f56bfc062723c751e8b465ee728b)  -> (artifact id: 'a47bd57e75927b4284f318af094542b0') in 0.028435 seconds 
========================================================================
Received Import Request.
  Time since last request: 2.461538 seconds.
  path: Assets/Prefabs/PlayerSprite.prefab
  artifactKey: Guid(04ea460011165f94592452d2d740b2a5) Importer(815301076,1909f56bfc062723c751e8b465ee728b)
Start importing Assets/Prefabs/PlayerSprite.prefab using Guid(04ea460011165f94592452d2d740b2a5) Importer(815301076,1909f56bfc062723c751e8b465ee728b)  -> (artifact id: '1dc8d0cb248734be3bab7582d98ae83d') in 0.034644 seconds 
========================================================================
Received Import Request.
  Time since last request: 2.265215 seconds.
  path: Assets/Prefabs/PlayerSprite.prefab
  artifactKey: Guid(04ea460011165f94592452d2d740b2a5) Importer(815301076,1909f56bfc062723c751e8b465ee728b)
Start importing Assets/Prefabs/PlayerSprite.prefab using Guid(04ea460011165f94592452d2d740b2a5) Importer(815301076,1909f56bfc062723c751e8b465ee728b)  -> (artifact id: '28f3c74b6849d716d27ac6fd9e1852c7') in 0.049468 seconds 
========================================================================
Received Import Request.
  Time since last request: 9.838231 seconds.
  path: Assets/Prefabs/PlayerSprite.prefab
  artifactKey: Guid(04ea460011165f94592452d2d740b2a5) Importer(815301076,1909f56bfc062723c751e8b465ee728b)
Start importing Assets/Prefabs/PlayerSprite.prefab using Guid(04ea460011165f94592452d2d740b2a5) Importer(815301076,1909f56bfc062723c751e8b465ee728b)  -> (artifact id: '7c154e77f47f58419fbc9b6c14aabaa9') in 0.056046 seconds 
========================================================================
Received Prepare
Registering precompiled user dll's ...
Registered in 0.011124 seconds.
Begin MonoManager ReloadAssembly
Native extension for WindowsStandalone target not found
Refreshing native plugins compatible for Editor in 1.13 ms, found 2 plugins.
Preloading 0 native plugins for Editor in 0.00 ms.
Mono: successfully reloaded assembly
- Completed reload, in  2.617 seconds
Platform modules already initialized, skipping
Refreshing native plugins compatible for Editor in 1.06 ms, found 2 plugins.
Preloading 0 native plugins for Editor in 0.00 ms.
Unloading 3671 Unused Serialized files (Serialized files now loaded: 0)
System memory in use before: 143.1 MB.
System memory in use after: 143.2 MB.

Unloading 17 unused Assets to reduce memory usage. Loaded Objects now: 4225.
Total: 6.949600 ms (FindLiveObjects: 0.416400 ms CreateObjectMapping: 0.370200 ms MarkObjects: 5.874100 ms  DeleteObjects: 0.286500 ms)

========================================================================
Received Prepare
Registering precompiled user dll's ...
Registered in 0.005154 seconds.
Begin MonoManager ReloadAssembly
Native extension for WindowsStandalone target not found
Refreshing native plugins compatible for Editor in 1.11 ms, found 2 plugins.
Preloading 0 native plugins for Editor in 0.00 ms.
Mono: successfully reloaded assembly
- Completed reload, in  2.363 seconds
Platform modules already initialized, skipping
Refreshing native plugins compatible for Editor in 1.94 ms, found 2 plugins.
Preloading 0 native plugins for Editor in 0.00 ms.
Unloading 3671 Unused Serialized files (Serialized files now loaded: 0)
System memory in use before: 143.1 MB.
System memory in use after: 143.2 MB.

Unloading 17 unused Assets to reduce memory usage. Loaded Objects now: 4229.
Total: 7.997400 ms (FindLiveObjects: 0.905700 ms CreateObjectMapping: 0.417000 ms MarkObjects: 6.496800 ms  DeleteObjects: 0.175300 ms)

========================================================================
Received Prepare
Registering precompiled user dll's ...
Registered in 0.014147 seconds.
Begin MonoManager ReloadAssembly
Native extension for WindowsStandalone target not found
Refreshing native plugins compatible for Editor in 1.85 ms, found 2 plugins.
Preloading 0 native plugins for Editor in 0.00 ms.
Mono: successfully reloaded assembly
- Completed reload, in  2.297 seconds
Platform modules already initialized, skipping
Refreshing native plugins compatible for Editor in 1.15 ms, found 2 plugins.
Preloading 0 native plugins for Editor in 0.00 ms.
Unloading 3671 Unused Serialized files (Serialized files now loaded: 0)
System memory in use before: 143.1 MB.
System memory in use after: 143.2 MB.

Unloading 17 unused Assets to reduce memory usage. Loaded Objects now: 4233.
Total: 4.822300 ms (FindLiveObjects: 0.406800 ms CreateObjectMapping: 0.243400 ms MarkObjects: 4.005000 ms  DeleteObjects: 0.166000 ms)

========================================================================
Received Import Request.
  Time since last request: 273.878004 seconds.
  path: Assets/Prefabs/Player.prefab
  artifactKey: Guid(c7bb53c9384341045b873455e55f5f8a) Importer(815301076,1909f56bfc062723c751e8b465ee728b)
Start importing Assets/Prefabs/Player.prefab using Guid(c7bb53c9384341045b873455e55f5f8a) Importer(815301076,1909f56bfc062723c751e8b465ee728b)  -> (artifact id: 'ae8cf43f87bc2a61ba3c366690bab742') in 0.167923 seconds 
========================================================================
Received Prepare
Registering precompiled user dll's ...
Registered in 0.011556 seconds.
Begin MonoManager ReloadAssembly
Native extension for WindowsStandalone target not found
Refreshing native plugins compatible for Editor in 1.03 ms, found 2 plugins.
Preloading 0 native plugins for Editor in 0.00 ms.
Mono: successfully reloaded assembly
- Completed reload, in  2.072 seconds
Platform modules already initialized, skipping
Refreshing native plugins compatible for Editor in 2.05 ms, found 2 plugins.
Preloading 0 native plugins for Editor in 0.00 ms.
Unloading 3671 Unused Serialized files (Serialized files now loaded: 0)
System memory in use before: 143.1 MB.
System memory in use after: 143.2 MB.

Unloading 17 unused Assets to reduce memory usage. Loaded Objects now: 4238.
Total: 6.439400 ms (FindLiveObjects: 0.442400 ms CreateObjectMapping: 0.337400 ms MarkObjects: 5.326500 ms  DeleteObjects: 0.330500 ms)

========================================================================
Received Prepare
Registering precompiled user dll's ...
Registered in 0.010300 seconds.
Begin MonoManager ReloadAssembly
Native extension for WindowsStandalone target not found
Refreshing native plugins compatible for Editor in 2.08 ms, found 2 plugins.
Preloading 0 native plugins for Editor in 0.00 ms.
Mono: successfully reloaded assembly
- Completed reload, in  2.335 seconds
Platform modules already initialized, skipping
Refreshing native plugins compatible for Editor in 1.19 ms, found 2 plugins.
Preloading 0 native plugins for Editor in 0.00 ms.
Unloading 3671 Unused Serialized files (Serialized files now loaded: 0)
System memory in use before: 143.1 MB.
System memory in use after: 143.3 MB.

Unloading 17 unused Assets to reduce memory usage. Loaded Objects now: 4242.
Total: 7.576300 ms (FindLiveObjects: 1.129900 ms CreateObjectMapping: 1.015900 ms MarkObjects: 5.285100 ms  DeleteObjects: 0.142500 ms)

========================================================================
Received Prepare
Registering precompiled user dll's ...
Registered in 0.006106 seconds.
Begin MonoManager ReloadAssembly
Native extension for WindowsStandalone target not found
Refreshing native plugins compatible for Editor in 4.97 ms, found 2 plugins.
Preloading 0 native plugins for Editor in 0.00 ms.
Mono: successfully reloaded assembly
- Completed reload, in  2.417 seconds
Platform modules already initialized, skipping
Refreshing native plugins compatible for Editor in 1.22 ms, found 2 plugins.
Preloading 0 native plugins for Editor in 0.00 ms.
Unloading 3671 Unused Serialized files (Serialized files now loaded: 0)
System memory in use before: 143.2 MB.
System memory in use after: 143.3 MB.

Unloading 17 unused Assets to reduce memory usage. Loaded Objects now: 4246.
Total: 5.381000 ms (FindLiveObjects: 0.418800 ms CreateObjectMapping: 0.322200 ms MarkObjects: 4.477500 ms  DeleteObjects: 0.160600 ms)

========================================================================
Received Prepare
Registering precompiled user dll's ...
Registered in 0.009837 seconds.
Begin MonoManager ReloadAssembly
Native extension for WindowsStandalone target not found
Refreshing native plugins compatible for Editor in 1.08 ms, found 2 plugins.
Preloading 0 native plugins for Editor in 0.00 ms.
Mono: successfully reloaded assembly
- Completed reload, in  2.355 seconds
Platform modules already initialized, skipping
Refreshing native plugins compatible for Editor in 0.84 ms, found 2 plugins.
Preloading 0 native plugins for Editor in 0.00 ms.
Unloading 3671 Unused Serialized files (Serialized files now loaded: 0)
System memory in use before: 143.2 MB.
System memory in use after: 143.3 MB.

Unloading 17 unused Assets to reduce memory usage. Loaded Objects now: 4250.
Total: 4.461400 ms (FindLiveObjects: 0.695500 ms CreateObjectMapping: 0.382400 ms MarkObjects: 3.246200 ms  DeleteObjects: 0.135400 ms)

========================================================================
Received Prepare
Registering precompiled user dll's ...
Registered in 0.005836 seconds.
Begin MonoManager ReloadAssembly
Native extension for WindowsStandalone target not found
Refreshing native plugins compatible for Editor in 3.20 ms, found 2 plugins.
Preloading 0 native plugins for Editor in 0.00 ms.
Mono: successfully reloaded assembly
- Completed reload, in  2.368 seconds
Platform modules already initialized, skipping
Refreshing native plugins compatible for Editor in 4.32 ms, found 2 plugins.
Preloading 0 native plugins for Editor in 0.00 ms.
Unloading 3671 Unused Serialized files (Serialized files now loaded: 0)
System memory in use before: 143.2 MB.
System memory in use after: 143.3 MB.

Unloading 17 unused Assets to reduce memory usage. Loaded Objects now: 4254.
Total: 4.380400 ms (FindLiveObjects: 0.424800 ms CreateObjectMapping: 0.330100 ms MarkObjects: 3.480900 ms  DeleteObjects: 0.142900 ms)

========================================================================
Received Prepare
Registering precompiled user dll's ...
Registered in 0.005800 seconds.
Begin MonoManager ReloadAssembly
Native extension for WindowsStandalone target not found
Refreshing native plugins compatible for Editor in 2.01 ms, found 2 plugins.
Preloading 0 native plugins for Editor in 0.00 ms.
Mono: successfully reloaded assembly
- Completed reload, in  2.232 seconds
Platform modules already initialized, skipping
Refreshing native plugins compatible for Editor in 1.65 ms, found 2 plugins.
Preloading 0 native plugins for Editor in 0.00 ms.
Unloading 3671 Unused Serialized files (Serialized files now loaded: 0)
System memory in use before: 143.2 MB.
System memory in use after: 143.3 MB.

Unloading 17 unused Assets to reduce memory usage. Loaded Objects now: 4258.
Total: 7.337000 ms (FindLiveObjects: 0.540500 ms CreateObjectMapping: 0.360600 ms MarkObjects: 6.270000 ms  DeleteObjects: 0.164200 ms)

========================================================================
Received Prepare
Registering precompiled user dll's ...
Registered in 0.010547 seconds.
Begin MonoManager ReloadAssembly
Native extension for WindowsStandalone target not found
Refreshing native plugins compatible for Editor in 0.98 ms, found 2 plugins.
Preloading 0 native plugins for Editor in 0.00 ms.
Mono: successfully reloaded assembly
- Completed reload, in  2.175 seconds
Platform modules already initialized, skipping
Refreshing native plugins compatible for Editor in 1.17 ms, found 2 plugins.
Preloading 0 native plugins for Editor in 0.00 ms.
Unloading 3671 Unused Serialized files (Serialized files now loaded: 0)
System memory in use before: 143.2 MB.
System memory in use after: 143.3 MB.

Unloading 17 unused Assets to reduce memory usage. Loaded Objects now: 4262.
Total: 4.934200 ms (FindLiveObjects: 0.615100 ms CreateObjectMapping: 0.525500 ms MarkObjects: 3.643100 ms  DeleteObjects: 0.145900 ms)

========================================================================
Received Prepare
Registering precompiled user dll's ...
Registered in 0.005721 seconds.
Begin MonoManager ReloadAssembly
Native extension for WindowsStandalone target not found
Refreshing native plugins compatible for Editor in 1.34 ms, found 2 plugins.
Preloading 0 native plugins for Editor in 0.00 ms.
Mono: successfully reloaded assembly
- Completed reload, in  2.860 seconds
Platform modules already initialized, skipping
Refreshing native plugins compatible for Editor in 0.97 ms, found 2 plugins.
Preloading 0 native plugins for Editor in 0.00 ms.
Unloading 3671 Unused Serialized files (Serialized files now loaded: 0)
System memory in use before: 143.2 MB.
System memory in use after: 143.3 MB.

Unloading 17 unused Assets to reduce memory usage. Loaded Objects now: 4266.
Total: 6.444100 ms (FindLiveObjects: 0.813900 ms CreateObjectMapping: 1.179100 ms MarkObjects: 4.200800 ms  DeleteObjects: 0.247300 ms)

========================================================================
Received Prepare
Registering precompiled user dll's ...
Registered in 0.007370 seconds.
Begin MonoManager ReloadAssembly
Native extension for WindowsStandalone target not found
Refreshing native plugins compatible for Editor in 5.14 ms, found 2 plugins.
Preloading 0 native plugins for Editor in 0.00 ms.
Mono: successfully reloaded assembly
- Completed reload, in  3.191 seconds
Platform modules already initialized, skipping
Refreshing native plugins compatible for Editor in 5.80 ms, found 2 plugins.
Preloading 0 native plugins for Editor in 0.00 ms.
Unloading 3671 Unused Serialized files (Serialized files now loaded: 0)
System memory in use before: 143.2 MB.
System memory in use after: 143.3 MB.

Unloading 17 unused Assets to reduce memory usage. Loaded Objects now: 4270.
Total: 12.031900 ms (FindLiveObjects: 0.577400 ms CreateObjectMapping: 0.611100 ms MarkObjects: 10.441300 ms  DeleteObjects: 0.399900 ms)

========================================================================
Received Prepare
Registering precompiled user dll's ...
Registered in 0.005587 seconds.
Begin MonoManager ReloadAssembly
Native extension for WindowsStandalone target not found
Refreshing native plugins compatible for Editor in 1.03 ms, found 2 plugins.
Preloading 0 native plugins for Editor in 0.00 ms.
Mono: successfully reloaded assembly
- Completed reload, in  2.543 seconds
Platform modules already initialized, skipping
Refreshing native plugins compatible for Editor in 1.68 ms, found 2 plugins.
Preloading 0 native plugins for Editor in 0.00 ms.
Unloading 3671 Unused Serialized files (Serialized files now loaded: 0)
System memory in use before: 143.2 MB.
System memory in use after: 143.3 MB.

Unloading 17 unused Assets to reduce memory usage. Loaded Objects now: 4274.
Total: 8.023500 ms (FindLiveObjects: 0.428800 ms CreateObjectMapping: 0.327300 ms MarkObjects: 7.096900 ms  DeleteObjects: 0.168300 ms)

========================================================================
Received Prepare
Registering precompiled user dll's ...
Registered in 0.010685 seconds.
Begin MonoManager ReloadAssembly
Native extension for WindowsStandalone target not found
Refreshing native plugins compatible for Editor in 1.09 ms, found 2 plugins.
Preloading 0 native plugins for Editor in 0.00 ms.
Mono: successfully reloaded assembly
- Completed reload, in  2.217 seconds
Platform modules already initialized, skipping
Refreshing native plugins compatible for Editor in 1.96 ms, found 2 plugins.
Preloading 0 native plugins for Editor in 0.00 ms.
Unloading 3671 Unused Serialized files (Serialized files now loaded: 0)
System memory in use before: 143.2 MB.
System memory in use after: 143.3 MB.

Unloading 17 unused Assets to reduce memory usage. Loaded Objects now: 4278.
Total: 7.101800 ms (FindLiveObjects: 0.828000 ms CreateObjectMapping: 0.927900 ms MarkObjects: 5.199600 ms  DeleteObjects: 0.144000 ms)

========================================================================
Received Prepare
Registering precompiled user dll's ...
Registered in 0.005910 seconds.
Begin MonoManager ReloadAssembly
Native extension for WindowsStandalone target not found
Refreshing native plugins compatible for Editor in 1.04 ms, found 2 plugins.
Preloading 0 native plugins for Editor in 0.00 ms.
Mono: successfully reloaded assembly
- Completed reload, in  2.071 seconds
Platform modules already initialized, skipping
Refreshing native plugins compatible for Editor in 2.37 ms, found 2 plugins.
Preloading 0 native plugins for Editor in 0.00 ms.
Unloading 3671 Unused Serialized files (Serialized files now loaded: 0)
System memory in use before: 143.2 MB.
System memory in use after: 143.4 MB.

Unloading 17 unused Assets to reduce memory usage. Loaded Objects now: 4282.
Total: 10.830400 ms (FindLiveObjects: 0.584700 ms CreateObjectMapping: 0.396900 ms MarkObjects: 9.634800 ms  DeleteObjects: 0.211500 ms)

========================================================================
Received Prepare
Registering precompiled user dll's ...
Registered in 0.005902 seconds.
Begin MonoManager ReloadAssembly
Native extension for WindowsStandalone target not found
Refreshing native plugins compatible for Editor in 0.94 ms, found 2 plugins.
Preloading 0 native plugins for Editor in 0.00 ms.
Mono: successfully reloaded assembly
- Completed reload, in  2.228 seconds
Platform modules already initialized, skipping
Refreshing native plugins compatible for Editor in 1.03 ms, found 2 plugins.
Preloading 0 native plugins for Editor in 0.00 ms.
Unloading 3671 Unused Serialized files (Serialized files now loaded: 0)
System memory in use before: 143.3 MB.
System memory in use after: 143.4 MB.

Unloading 17 unused Assets to reduce memory usage. Loaded Objects now: 4286.
Total: 6.752400 ms (FindLiveObjects: 0.442700 ms CreateObjectMapping: 0.286200 ms MarkObjects: 5.697100 ms  DeleteObjects: 0.323900 ms)

========================================================================
Received Prepare
Registering precompiled user dll's ...
Registered in 0.008692 seconds.
Begin MonoManager ReloadAssembly
Native extension for WindowsStandalone target not found
Refreshing native plugins compatible for Editor in 7.32 ms, found 2 plugins.
Preloading 0 native plugins for Editor in 0.00 ms.
Mono: successfully reloaded assembly
- Completed reload, in  2.879 seconds
Platform modules already initialized, skipping
Refreshing native plugins compatible for Editor in 1.14 ms, found 2 plugins.
Preloading 0 native plugins for Editor in 0.00 ms.
Unloading 3671 Unused Serialized files (Serialized files now loaded: 0)
System memory in use before: 143.3 MB.
System memory in use after: 143.4 MB.

Unloading 17 unused Assets to reduce memory usage. Loaded Objects now: 4290.
Total: 3.785800 ms (FindLiveObjects: 0.357200 ms CreateObjectMapping: 0.200400 ms MarkObjects: 3.095200 ms  DeleteObjects: 0.131900 ms)

========================================================================
Received Prepare
Registering precompiled user dll's ...
Registered in 0.005655 seconds.
Begin MonoManager ReloadAssembly
Native extension for WindowsStandalone target not found
Refreshing native plugins compatible for Editor in 1.01 ms, found 2 plugins.
Preloading 0 native plugins for Editor in 0.00 ms.
Mono: successfully reloaded assembly
- Completed reload, in  2.142 seconds
Platform modules already initialized, skipping
Refreshing native plugins compatible for Editor in 1.12 ms, found 2 plugins.
Preloading 0 native plugins for Editor in 0.00 ms.
Unloading 3671 Unused Serialized files (Serialized files now loaded: 0)
System memory in use before: 143.3 MB.
System memory in use after: 143.4 MB.

Unloading 17 unused Assets to reduce memory usage. Loaded Objects now: 4294.
Total: 6.332500 ms (FindLiveObjects: 0.420800 ms CreateObjectMapping: 0.261000 ms MarkObjects: 5.311600 ms  DeleteObjects: 0.336900 ms)

========================================================================
Received Prepare
Registering precompiled user dll's ...
Registered in 0.005907 seconds.
Begin MonoManager ReloadAssembly
Native extension for WindowsStandalone target not found
Refreshing native plugins compatible for Editor in 1.02 ms, found 2 plugins.
Preloading 0 native plugins for Editor in 0.00 ms.
Mono: successfully reloaded assembly
- Completed reload, in  2.326 seconds
Platform modules already initialized, skipping
Refreshing native plugins compatible for Editor in 2.44 ms, found 2 plugins.
Preloading 0 native plugins for Editor in 0.00 ms.
Unloading 3671 Unused Serialized files (Serialized files now loaded: 0)
System memory in use before: 143.3 MB.
System memory in use after: 143.4 MB.

Unloading 17 unused Assets to reduce memory usage. Loaded Objects now: 4298.
Total: 7.245700 ms (FindLiveObjects: 0.413000 ms CreateObjectMapping: 0.227100 ms MarkObjects: 6.412700 ms  DeleteObjects: 0.191200 ms)

========================================================================
Received Prepare
Registering precompiled user dll's ...
Registered in 0.007571 seconds.
Begin MonoManager ReloadAssembly
Native extension for WindowsStandalone target not found
Refreshing native plugins compatible for Editor in 0.93 ms, found 2 plugins.
Preloading 0 native plugins for Editor in 0.00 ms.
Mono: successfully reloaded assembly
- Completed reload, in  2.238 seconds
Platform modules already initialized, skipping
Refreshing native plugins compatible for Editor in 1.08 ms, found 2 plugins.
Preloading 0 native plugins for Editor in 0.00 ms.
Unloading 3671 Unused Serialized files (Serialized files now loaded: 0)
System memory in use before: 143.3 MB.
System memory in use after: 143.4 MB.

Unloading 17 unused Assets to reduce memory usage. Loaded Objects now: 4302.
Total: 5.075700 ms (FindLiveObjects: 0.449300 ms CreateObjectMapping: 0.256200 ms MarkObjects: 4.191000 ms  DeleteObjects: 0.177600 ms)

========================================================================
Received Prepare
Registering precompiled user dll's ...
Registered in 0.007796 seconds.
Begin MonoManager ReloadAssembly
Native extension for WindowsStandalone target not found
Refreshing native plugins compatible for Editor in 1.26 ms, found 2 plugins.
Preloading 0 native plugins for Editor in 0.00 ms.
Mono: successfully reloaded assembly
- Completed reload, in  2.977 seconds
Platform modules already initialized, skipping
Refreshing native plugins compatible for Editor in 0.95 ms, found 2 plugins.
Preloading 0 native plugins for Editor in 0.00 ms.
Unloading 3671 Unused Serialized files (Serialized files now loaded: 0)
System memory in use before: 143.3 MB.
System memory in use after: 143.4 MB.

Unloading 17 unused Assets to reduce memory usage. Loaded Objects now: 4306.
Total: 3.985700 ms (FindLiveObjects: 0.421200 ms CreateObjectMapping: 0.316800 ms MarkObjects: 3.113700 ms  DeleteObjects: 0.132700 ms)

========================================================================
Received Prepare
Registering precompiled user dll's ...
Registered in 0.005867 seconds.
Begin MonoManager ReloadAssembly
Native extension for WindowsStandalone target not found
Refreshing native plugins compatible for Editor in 0.95 ms, found 2 plugins.
Preloading 0 native plugins for Editor in 0.00 ms.
Mono: successfully reloaded assembly
- Completed reload, in  2.280 seconds
Platform modules already initialized, skipping
Refreshing native plugins compatible for Editor in 0.83 ms, found 2 plugins.
Preloading 0 native plugins for Editor in 0.00 ms.
Unloading 3671 Unused Serialized files (Serialized files now loaded: 0)
System memory in use before: 143.3 MB.
System memory in use after: 143.4 MB.

Unloading 17 unused Assets to reduce memory usage. Loaded Objects now: 4310.
Total: 4.086400 ms (FindLiveObjects: 0.403800 ms CreateObjectMapping: 0.230800 ms MarkObjects: 3.326700 ms  DeleteObjects: 0.124000 ms)

========================================================================
Received Prepare
Registering precompiled user dll's ...
Registered in 0.004958 seconds.
Begin MonoManager ReloadAssembly
Native extension for WindowsStandalone target not found
Refreshing native plugins compatible for Editor in 0.96 ms, found 2 plugins.
Preloading 0 native plugins for Editor in 0.00 ms.
Mono: successfully reloaded assembly
- Completed reload, in  2.442 seconds
Platform modules already initialized, skipping
Refreshing native plugins compatible for Editor in 1.17 ms, found 2 plugins.
Preloading 0 native plugins for Editor in 0.00 ms.
Unloading 3671 Unused Serialized files (Serialized files now loaded: 0)
System memory in use before: 143.3 MB.
System memory in use after: 143.4 MB.

Unloading 17 unused Assets to reduce memory usage. Loaded Objects now: 4314.
Total: 5.692400 ms (FindLiveObjects: 0.409800 ms CreateObjectMapping: 0.299700 ms MarkObjects: 4.804600 ms  DeleteObjects: 0.176600 ms)

========================================================================
Received Prepare
Registering precompiled user dll's ...
Registered in 0.005585 seconds.
Begin MonoManager ReloadAssembly
Native extension for WindowsStandalone target not found
Refreshing native plugins compatible for Editor in 1.03 ms, found 2 plugins.
Preloading 0 native plugins for Editor in 0.00 ms.
Mono: successfully reloaded assembly
- Completed reload, in  1.681 seconds
Platform modules already initialized, skipping
Refreshing native plugins compatible for Editor in 0.85 ms, found 2 plugins.
Preloading 0 native plugins for Editor in 0.00 ms.
Unloading 3671 Unused Serialized files (Serialized files now loaded: 0)
System memory in use before: 143.3 MB.
System memory in use after: 143.4 MB.

Unloading 17 unused Assets to reduce memory usage. Loaded Objects now: 4318.
Total: 4.016400 ms (FindLiveObjects: 0.369000 ms CreateObjectMapping: 0.257100 ms MarkObjects: 3.266900 ms  DeleteObjects: 0.122200 ms)

========================================================================
Received Prepare
Registering precompiled user dll's ...
Registered in 0.007368 seconds.
Begin MonoManager ReloadAssembly
Native extension for WindowsStandalone target not found
Refreshing native plugins compatible for Editor in 1.49 ms, found 2 plugins.
Preloading 0 native plugins for Editor in 0.00 ms.
Mono: successfully reloaded assembly
- Completed reload, in  1.689 seconds
Platform modules already initialized, skipping
Refreshing native plugins compatible for Editor in 0.86 ms, found 2 plugins.
Preloading 0 native plugins for Editor in 0.00 ms.
Unloading 3671 Unused Serialized files (Serialized files now loaded: 0)
System memory in use before: 143.3 MB.
System memory in use after: 143.5 MB.

Unloading 17 unused Assets to reduce memory usage. Loaded Objects now: 4322.
Total: 3.912700 ms (FindLiveObjects: 0.392500 ms CreateObjectMapping: 0.237700 ms MarkObjects: 3.161300 ms  DeleteObjects: 0.119700 ms)

========================================================================
Received Prepare
Registering precompiled user dll's ...
Registered in 0.007324 seconds.
Begin MonoManager ReloadAssembly
Native extension for WindowsStandalone target not found
Refreshing native plugins compatible for Editor in 1.73 ms, found 2 plugins.
Preloading 0 native plugins for Editor in 0.00 ms.
Mono: successfully reloaded assembly
- Completed reload, in  1.774 seconds
Platform modules already initialized, skipping
Refreshing native plugins compatible for Editor in 0.78 ms, found 2 plugins.
Preloading 0 native plugins for Editor in 0.00 ms.
Unloading 3671 Unused Serialized files (Serialized files now loaded: 0)
System memory in use before: 143.4 MB.
System memory in use after: 143.5 MB.

Unloading 17 unused Assets to reduce memory usage. Loaded Objects now: 4326.
Total: 4.414000 ms (FindLiveObjects: 0.383500 ms CreateObjectMapping: 0.233400 ms MarkObjects: 3.666800 ms  DeleteObjects: 0.129000 ms)

========================================================================
Received Prepare
Registering precompiled user dll's ...
Registered in 0.004395 seconds.
Begin MonoManager ReloadAssembly
Native extension for WindowsStandalone target not found
Refreshing native plugins compatible for Editor in 0.94 ms, found 2 plugins.
Preloading 0 native plugins for Editor in 0.00 ms.
Mono: successfully reloaded assembly
- Completed reload, in  1.726 seconds
Platform modules already initialized, skipping
Refreshing native plugins compatible for Editor in 0.87 ms, found 2 plugins.
Preloading 0 native plugins for Editor in 0.00 ms.
Unloading 3671 Unused Serialized files (Serialized files now loaded: 0)
System memory in use before: 143.4 MB.
System memory in use after: 143.5 MB.

Unloading 17 unused Assets to reduce memory usage. Loaded Objects now: 4330.
Total: 8.424200 ms (FindLiveObjects: 0.472000 ms CreateObjectMapping: 0.290900 ms MarkObjects: 7.394400 ms  DeleteObjects: 0.264200 ms)

========================================================================
Received Prepare
Registering precompiled user dll's ...
Registered in 0.004936 seconds.
Begin MonoManager ReloadAssembly
Native extension for WindowsStandalone target not found
Refreshing native plugins compatible for Editor in 1.41 ms, found 2 plugins.
Preloading 0 native plugins for Editor in 0.00 ms.
Mono: successfully reloaded assembly
- Completed reload, in  1.659 seconds
Platform modules already initialized, skipping
Refreshing native plugins compatible for Editor in 0.89 ms, found 2 plugins.
Preloading 0 native plugins for Editor in 0.00 ms.
Unloading 3671 Unused Serialized files (Serialized files now loaded: 0)
System memory in use before: 143.4 MB.
System memory in use after: 143.5 MB.

Unloading 17 unused Assets to reduce memory usage. Loaded Objects now: 4334.
Total: 4.089100 ms (FindLiveObjects: 0.359200 ms CreateObjectMapping: 0.225300 ms MarkObjects: 3.389000 ms  DeleteObjects: 0.114500 ms)

========================================================================
Received Prepare
Registering precompiled user dll's ...
Registered in 0.004778 seconds.
Begin MonoManager ReloadAssembly
Native extension for WindowsStandalone target not found
Refreshing native plugins compatible for Editor in 1.14 ms, found 2 plugins.
Preloading 0 native plugins for Editor in 0.00 ms.
Mono: successfully reloaded assembly
- Completed reload, in  1.806 seconds
Platform modules already initialized, skipping
Refreshing native plugins compatible for Editor in 0.96 ms, found 2 plugins.
Preloading 0 native plugins for Editor in 0.00 ms.
Unloading 3671 Unused Serialized files (Serialized files now loaded: 0)
System memory in use before: 143.4 MB.
System memory in use after: 143.5 MB.

Unloading 17 unused Assets to reduce memory usage. Loaded Objects now: 4338.
Total: 4.497600 ms (FindLiveObjects: 0.404300 ms CreateObjectMapping: 0.240200 ms MarkObjects: 3.718200 ms  DeleteObjects: 0.133700 ms)

========================================================================
Received Prepare
Registering precompiled user dll's ...
Registered in 0.008893 seconds.
Begin MonoManager ReloadAssembly
Native extension for WindowsStandalone target not found
Refreshing native plugins compatible for Editor in 1.51 ms, found 2 plugins.
Preloading 0 native plugins for Editor in 0.00 ms.
Mono: successfully reloaded assembly
- Completed reload, in  1.549 seconds
Platform modules already initialized, skipping
Refreshing native plugins compatible for Editor in 0.74 ms, found 2 plugins.
Preloading 0 native plugins for Editor in 0.00 ms.
Unloading 3671 Unused Serialized files (Serialized files now loaded: 0)
System memory in use before: 143.4 MB.
System memory in use after: 143.5 MB.

Unloading 17 unused Assets to reduce memory usage. Loaded Objects now: 4342.
Total: 3.789100 ms (FindLiveObjects: 0.353800 ms CreateObjectMapping: 0.196400 ms MarkObjects: 3.126200 ms  DeleteObjects: 0.111600 ms)

========================================================================
Received Prepare
Registering precompiled user dll's ...
Registered in 0.009355 seconds.
Begin MonoManager ReloadAssembly
Native extension for WindowsStandalone target not found
Refreshing native plugins compatible for Editor in 0.92 ms, found 2 plugins.
Preloading 0 native plugins for Editor in 0.00 ms.
Mono: successfully reloaded assembly
- Completed reload, in  1.742 seconds
Platform modules already initialized, skipping
Refreshing native plugins compatible for Editor in 0.78 ms, found 2 plugins.
Preloading 0 native plugins for Editor in 0.00 ms.
Unloading 3671 Unused Serialized files (Serialized files now loaded: 0)
System memory in use before: 143.4 MB.
System memory in use after: 143.5 MB.

Unloading 17 unused Assets to reduce memory usage. Loaded Objects now: 4346.
Total: 5.674200 ms (FindLiveObjects: 0.369500 ms CreateObjectMapping: 0.237200 ms MarkObjects: 4.934700 ms  DeleteObjects: 0.131500 ms)

========================================================================
Received Prepare
Registering precompiled user dll's ...
Registered in 0.008457 seconds.
Begin MonoManager ReloadAssembly
Native extension for WindowsStandalone target not found
Refreshing native plugins compatible for Editor in 1.32 ms, found 2 plugins.
Preloading 0 native plugins for Editor in 0.00 ms.
Mono: successfully reloaded assembly
- Completed reload, in  1.619 seconds
Platform modules already initialized, skipping
Refreshing native plugins compatible for Editor in 0.76 ms, found 2 plugins.
Preloading 0 native plugins for Editor in 0.00 ms.
Unloading 3671 Unused Serialized files (Serialized files now loaded: 0)
System memory in use before: 143.4 MB.
System memory in use after: 143.5 MB.

Unloading 17 unused Assets to reduce memory usage. Loaded Objects now: 4350.
Total: 3.775900 ms (FindLiveObjects: 0.387400 ms CreateObjectMapping: 0.262300 ms MarkObjects: 3.006600 ms  DeleteObjects: 0.118500 ms)

========================================================================
Received Prepare
Registering precompiled user dll's ...
Registered in 0.009152 seconds.
Begin MonoManager ReloadAssembly
Native extension for WindowsStandalone target not found
Refreshing native plugins compatible for Editor in 0.85 ms, found 2 plugins.
Preloading 0 native plugins for Editor in 0.00 ms.
Mono: successfully reloaded assembly
- Completed reload, in  1.748 seconds
Platform modules already initialized, skipping
Refreshing native plugins compatible for Editor in 0.79 ms, found 2 plugins.
Preloading 0 native plugins for Editor in 0.00 ms.
Unloading 3671 Unused Serialized files (Serialized files now loaded: 0)
System memory in use before: 143.4 MB.
System memory in use after: 143.5 MB.

Unloading 17 unused Assets to reduce memory usage. Loaded Objects now: 4354.
Total: 4.246600 ms (FindLiveObjects: 0.395600 ms CreateObjectMapping: 0.242900 ms MarkObjects: 3.485300 ms  DeleteObjects: 0.121800 ms)

========================================================================
Received Prepare
Registering precompiled user dll's ...
Registered in 0.011636 seconds.
Begin MonoManager ReloadAssembly
Native extension for WindowsStandalone target not found
Refreshing native plugins compatible for Editor in 2.92 ms, found 2 plugins.
Preloading 0 native plugins for Editor in 0.00 ms.
Mono: successfully reloaded assembly
- Completed reload, in  3.073 seconds
Platform modules already initialized, skipping
Refreshing native plugins compatible for Editor in 2.11 ms, found 2 plugins.
Preloading 0 native plugins for Editor in 0.00 ms.
Unloading 3671 Unused Serialized files (Serialized files now loaded: 0)
System memory in use before: 143.4 MB.
System memory in use after: 143.6 MB.

Unloading 17 unused Assets to reduce memory usage. Loaded Objects now: 4358.
Total: 6.930400 ms (FindLiveObjects: 0.678100 ms CreateObjectMapping: 0.368600 ms MarkObjects: 5.538400 ms  DeleteObjects: 0.341700 ms)

========================================================================
Received Prepare
Registering precompiled user dll's ...
Registered in 0.011285 seconds.
Begin MonoManager ReloadAssembly
Native extension for WindowsStandalone target not found
Refreshing native plugins compatible for Editor in 1.02 ms, found 2 plugins.
Preloading 0 native plugins for Editor in 0.00 ms.
Mono: successfully reloaded assembly
- Completed reload, in  2.304 seconds
Platform modules already initialized, skipping
Refreshing native plugins compatible for Editor in 1.78 ms, found 2 plugins.
Preloading 0 native plugins for Editor in 0.00 ms.
Unloading 3671 Unused Serialized files (Serialized files now loaded: 0)
System memory in use before: 143.5 MB.
System memory in use after: 143.6 MB.

Unloading 17 unused Assets to reduce memory usage. Loaded Objects now: 4362.
Total: 6.570500 ms (FindLiveObjects: 1.445800 ms CreateObjectMapping: 0.667600 ms MarkObjects: 4.309600 ms  DeleteObjects: 0.145800 ms)

========================================================================
Received Prepare
Registering precompiled user dll's ...
Registered in 0.005143 seconds.
Begin MonoManager ReloadAssembly
Native extension for WindowsStandalone target not found
Refreshing native plugins compatible for Editor in 0.89 ms, found 2 plugins.
Preloading 0 native plugins for Editor in 0.00 ms.
Mono: successfully reloaded assembly
- Completed reload, in  1.696 seconds
Platform modules already initialized, skipping
Refreshing native plugins compatible for Editor in 0.78 ms, found 2 plugins.
Preloading 0 native plugins for Editor in 0.00 ms.
Unloading 3671 Unused Serialized files (Serialized files now loaded: 0)
System memory in use before: 143.5 MB.
System memory in use after: 143.6 MB.

Unloading 17 unused Assets to reduce memory usage. Loaded Objects now: 4366.
Total: 3.884500 ms (FindLiveObjects: 0.373400 ms CreateObjectMapping: 0.221900 ms MarkObjects: 3.140800 ms  DeleteObjects: 0.147400 ms)

========================================================================
Received Prepare
Registering precompiled user dll's ...
Registered in 0.004940 seconds.
Begin MonoManager ReloadAssembly
Native extension for WindowsStandalone target not found
Refreshing native plugins compatible for Editor in 0.98 ms, found 2 plugins.
Preloading 0 native plugins for Editor in 0.00 ms.
Mono: successfully reloaded assembly
- Completed reload, in  1.734 seconds
Platform modules already initialized, skipping
Refreshing native plugins compatible for Editor in 0.84 ms, found 2 plugins.
Preloading 0 native plugins for Editor in 0.00 ms.
Unloading 3671 Unused Serialized files (Serialized files now loaded: 0)
System memory in use before: 143.6 MB.
System memory in use after: 143.7 MB.

Unloading 17 unused Assets to reduce memory usage. Loaded Objects now: 4370.
Total: 4.273600 ms (FindLiveObjects: 0.391800 ms CreateObjectMapping: 0.232700 ms MarkObjects: 3.517900 ms  DeleteObjects: 0.130000 ms)

========================================================================
Received Prepare
Registering precompiled user dll's ...
Registered in 0.004945 seconds.
Begin MonoManager ReloadAssembly
Native extension for WindowsStandalone target not found
Refreshing native plugins compatible for Editor in 0.91 ms, found 2 plugins.
Preloading 0 native plugins for Editor in 0.00 ms.
Mono: successfully reloaded assembly
- Completed reload, in  1.849 seconds
Platform modules already initialized, skipping
Refreshing native plugins compatible for Editor in 0.78 ms, found 2 plugins.
Preloading 0 native plugins for Editor in 0.00 ms.
Unloading 3671 Unused Serialized files (Serialized files now loaded: 0)
System memory in use before: 143.6 MB.
System memory in use after: 143.7 MB.

Unloading 17 unused Assets to reduce memory usage. Loaded Objects now: 4374.
Total: 4.229500 ms (FindLiveObjects: 0.380600 ms CreateObjectMapping: 0.214800 ms MarkObjects: 3.503100 ms  DeleteObjects: 0.129700 ms)

========================================================================
Received Prepare
Registering precompiled user dll's ...
Registered in 0.048479 seconds.
Begin MonoManager ReloadAssembly
Native extension for WindowsStandalone target not found
Refreshing native plugins compatible for Editor in 1.48 ms, found 2 plugins.
Preloading 0 native plugins for Editor in 0.00 ms.
Mono: successfully reloaded assembly
- Completed reload, in  3.398 seconds
Platform modules already initialized, skipping
Refreshing native plugins compatible for Editor in 1.64 ms, found 2 plugins.
Preloading 0 native plugins for Editor in 0.00 ms.
Unloading 3671 Unused Serialized files (Serialized files now loaded: 0)
System memory in use before: 143.6 MB.
System memory in use after: 143.7 MB.

Unloading 17 unused Assets to reduce memory usage. Loaded Objects now: 4378.
Total: 8.523200 ms (FindLiveObjects: 2.193100 ms CreateObjectMapping: 0.954600 ms MarkObjects: 5.207100 ms  DeleteObjects: 0.164000 ms)

========================================================================
Received Prepare
Registering precompiled user dll's ...
Registered in 0.006933 seconds.
Begin MonoManager ReloadAssembly
Native extension for WindowsStandalone target not found
Refreshing native plugins compatible for Editor in 0.92 ms, found 2 plugins.
Preloading 0 native plugins for Editor in 0.00 ms.
Mono: successfully reloaded assembly
- Completed reload, in  1.749 seconds
Platform modules already initialized, skipping
Refreshing native plugins compatible for Editor in 0.77 ms, found 2 plugins.
Preloading 0 native plugins for Editor in 0.00 ms.
Unloading 3671 Unused Serialized files (Serialized files now loaded: 0)
System memory in use before: 143.6 MB.
System memory in use after: 143.7 MB.

Unloading 17 unused Assets to reduce memory usage. Loaded Objects now: 4382.
Total: 3.579500 ms (FindLiveObjects: 0.396000 ms CreateObjectMapping: 0.269600 ms MarkObjects: 2.801300 ms  DeleteObjects: 0.111500 ms)

========================================================================
Received Prepare
Registering precompiled user dll's ...
Registered in 0.004915 seconds.
Begin MonoManager ReloadAssembly
Native extension for WindowsStandalone target not found
Refreshing native plugins compatible for Editor in 0.86 ms, found 2 plugins.
Preloading 0 native plugins for Editor in 0.00 ms.
Mono: successfully reloaded assembly
- Completed reload, in  1.737 seconds
Platform modules already initialized, skipping
Refreshing native plugins compatible for Editor in 0.78 ms, found 2 plugins.
Preloading 0 native plugins for Editor in 0.00 ms.
Unloading 3671 Unused Serialized files (Serialized files now loaded: 0)
System memory in use before: 143.6 MB.
System memory in use after: 143.7 MB.

Unloading 17 unused Assets to reduce memory usage. Loaded Objects now: 4386.
Total: 3.730700 ms (FindLiveObjects: 0.392200 ms CreateObjectMapping: 0.235000 ms MarkObjects: 2.986600 ms  DeleteObjects: 0.115400 ms)

========================================================================
Received Prepare
Registering precompiled user dll's ...
Registered in 0.011571 seconds.
Begin MonoManager ReloadAssembly
Native extension for WindowsStandalone target not found
Refreshing native plugins compatible for Editor in 2.72 ms, found 2 plugins.
Preloading 0 native plugins for Editor in 0.00 ms.
Mono: successfully reloaded assembly
- Completed reload, in  3.073 seconds
Platform modules already initialized, skipping
Refreshing native plugins compatible for Editor in 2.50 ms, found 2 plugins.
Preloading 0 native plugins for Editor in 0.00 ms.
Unloading 3671 Unused Serialized files (Serialized files now loaded: 0)
System memory in use before: 143.6 MB.
System memory in use after: 143.7 MB.

Unloading 17 unused Assets to reduce memory usage. Loaded Objects now: 4390.
Total: 5.904000 ms (FindLiveObjects: 0.733100 ms CreateObjectMapping: 0.393000 ms MarkObjects: 4.603400 ms  DeleteObjects: 0.164700 ms)

========================================================================
Received Prepare
Registering precompiled user dll's ...
Registered in 0.008644 seconds.
Begin MonoManager ReloadAssembly
Native extension for WindowsStandalone target not found
Refreshing native plugins compatible for Editor in 0.87 ms, found 2 plugins.
Preloading 0 native plugins for Editor in 0.00 ms.
Mono: successfully reloaded assembly
- Completed reload, in  2.183 seconds
Platform modules already initialized, skipping
Refreshing native plugins compatible for Editor in 1.10 ms, found 2 plugins.
Preloading 0 native plugins for Editor in 0.00 ms.
Unloading 3671 Unused Serialized files (Serialized files now loaded: 0)
System memory in use before: 143.6 MB.
System memory in use after: 143.7 MB.

Unloading 17 unused Assets to reduce memory usage. Loaded Objects now: 4394.
Total: 12.423500 ms (FindLiveObjects: 1.669300 ms CreateObjectMapping: 1.567800 ms MarkObjects: 8.950700 ms  DeleteObjects: 0.232600 ms)

========================================================================
Received Prepare
Registering precompiled user dll's ...
Registered in 0.006118 seconds.
Begin MonoManager ReloadAssembly
Native extension for WindowsStandalone target not found
Refreshing native plugins compatible for Editor in 0.84 ms, found 2 plugins.
Preloading 0 native plugins for Editor in 0.00 ms.
Mono: successfully reloaded assembly
- Completed reload, in  1.969 seconds
Platform modules already initialized, skipping
Refreshing native plugins compatible for Editor in 1.72 ms, found 2 plugins.
Preloading 0 native plugins for Editor in 0.00 ms.
Unloading 3671 Unused Serialized files (Serialized files now loaded: 0)
System memory in use before: 143.6 MB.
System memory in use after: 143.7 MB.

Unloading 17 unused Assets to reduce memory usage. Loaded Objects now: 4398.
Total: 4.185600 ms (FindLiveObjects: 0.418000 ms CreateObjectMapping: 0.271200 ms MarkObjects: 3.360600 ms  DeleteObjects: 0.134600 ms)

========================================================================
Received Prepare
Registering precompiled user dll's ...
Registered in 0.011548 seconds.
Begin MonoManager ReloadAssembly
Native extension for WindowsStandalone target not found
Refreshing native plugins compatible for Editor in 0.91 ms, found 2 plugins.
Preloading 0 native plugins for Editor in 0.00 ms.
Mono: successfully reloaded assembly
- Completed reload, in  1.721 seconds
Platform modules already initialized, skipping
Refreshing native plugins compatible for Editor in 1.22 ms, found 2 plugins.
Preloading 0 native plugins for Editor in 0.00 ms.
Unloading 3671 Unused Serialized files (Serialized files now loaded: 0)
System memory in use before: 143.6 MB.
System memory in use after: 143.7 MB.

Unloading 17 unused Assets to reduce memory usage. Loaded Objects now: 4402.
Total: 5.154400 ms (FindLiveObjects: 0.438500 ms CreateObjectMapping: 0.349100 ms MarkObjects: 4.173700 ms  DeleteObjects: 0.191100 ms)

========================================================================
Received Prepare
Registering precompiled user dll's ...
Registered in 0.006843 seconds.
Begin MonoManager ReloadAssembly
Native extension for WindowsStandalone target not found
Refreshing native plugins compatible for Editor in 1.63 ms, found 2 plugins.
Preloading 0 native plugins for Editor in 0.00 ms.
Mono: successfully reloaded assembly
- Completed reload, in  1.975 seconds
Platform modules already initialized, skipping
Refreshing native plugins compatible for Editor in 0.96 ms, found 2 plugins.
Preloading 0 native plugins for Editor in 0.00 ms.
Unloading 3671 Unused Serialized files (Serialized files now loaded: 0)
System memory in use before: 143.6 MB.
System memory in use after: 143.7 MB.

Unloading 17 unused Assets to reduce memory usage. Loaded Objects now: 4406.
Total: 6.175900 ms (FindLiveObjects: 0.461700 ms CreateObjectMapping: 0.304000 ms MarkObjects: 5.260000 ms  DeleteObjects: 0.148600 ms)

========================================================================
Received Prepare
Registering precompiled user dll's ...
Registered in 0.005702 seconds.
Begin MonoManager ReloadAssembly
Native extension for WindowsStandalone target not found
Refreshing native plugins compatible for Editor in 0.95 ms, found 2 plugins.
Preloading 0 native plugins for Editor in 0.00 ms.
Mono: successfully reloaded assembly
- Completed reload, in  2.385 seconds
Platform modules already initialized, skipping
Refreshing native plugins compatible for Editor in 1.07 ms, found 2 plugins.
Preloading 0 native plugins for Editor in 0.00 ms.
Unloading 3671 Unused Serialized files (Serialized files now loaded: 0)
System memory in use before: 143.7 MB.
System memory in use after: 143.8 MB.

Unloading 17 unused Assets to reduce memory usage. Loaded Objects now: 4410.
Total: 5.981800 ms (FindLiveObjects: 0.467300 ms CreateObjectMapping: 0.360700 ms MarkObjects: 4.909400 ms  DeleteObjects: 0.242300 ms)

========================================================================
Received Prepare
Registering precompiled user dll's ...
Registered in 0.006816 seconds.
Begin MonoManager ReloadAssembly
Native extension for WindowsStandalone target not found
Refreshing native plugins compatible for Editor in 0.97 ms, found 2 plugins.
Preloading 0 native plugins for Editor in 0.00 ms.
Mono: successfully reloaded assembly
- Completed reload, in  3.160 seconds
Platform modules already initialized, skipping
Refreshing native plugins compatible for Editor in 0.84 ms, found 2 plugins.
Preloading 0 native plugins for Editor in 0.00 ms.
Unloading 3671 Unused Serialized files (Serialized files now loaded: 0)
System memory in use before: 143.7 MB.
System memory in use after: 143.8 MB.

Unloading 17 unused Assets to reduce memory usage. Loaded Objects now: 4414.
Total: 4.203600 ms (FindLiveObjects: 0.416800 ms CreateObjectMapping: 0.255000 ms MarkObjects: 3.405000 ms  DeleteObjects: 0.125100 ms)

========================================================================
Received Import Request.
  Time since last request: 7278.536630 seconds.
  path: Assets/Prefabs/Player.prefab
  artifactKey: Guid(c7bb53c9384341045b873455e55f5f8a) Importer(815301076,1909f56bfc062723c751e8b465ee728b)
Start importing Assets/Prefabs/Player.prefab using Guid(c7bb53c9384341045b873455e55f5f8a) Importer(815301076,1909f56bfc062723c751e8b465ee728b)  -> (artifact id: 'd065a4b205810510c5ab17ebddb7ea60') in 0.522561 seconds 
========================================================================
Received Import Request.
  Time since last request: 0.000323 seconds.
  path: Assets/Prefabs/PlayerSprite.prefab
  artifactKey: Guid(04ea460011165f94592452d2d740b2a5) Importer(815301076,1909f56bfc062723c751e8b465ee728b)
Start importing Assets/Prefabs/PlayerSprite.prefab using Guid(04ea460011165f94592452d2d740b2a5) Importer(815301076,1909f56bfc062723c751e8b465ee728b)  -> (artifact id: 'fdab02b45856dfc3016d1fb142620edf') in 0.027876 seconds 
========================================================================
Received Import Request.
  Time since last request: 3.329392 seconds.
  path: Assets/Prefabs/Player.prefab
  artifactKey: Guid(c7bb53c9384341045b873455e55f5f8a) Importer(815301076,1909f56bfc062723c751e8b465ee728b)
Start importing Assets/Prefabs/Player.prefab using Guid(c7bb53c9384341045b873455e55f5f8a) Importer(815301076,1909f56bfc062723c751e8b465ee728b)  -> (artifact id: 'd81bbbc45f73d6ead814033e981e41dc') in 0.029968 seconds 
========================================================================
Received Import Request.
  Time since last request: 0.000329 seconds.
  path: Assets/Prefabs/PlayerSprite.prefab
  artifactKey: Guid(04ea460011165f94592452d2d740b2a5) Importer(815301076,1909f56bfc062723c751e8b465ee728b)
Start importing Assets/Prefabs/PlayerSprite.prefab using Guid(04ea460011165f94592452d2d740b2a5) Importer(815301076,1909f56bfc062723c751e8b465ee728b)  -> (artifact id: 'eae9f20cfc4f568086eb77ccf0ced86b') in 0.019981 seconds 
========================================================================
Received Import Request.
  Time since last request: 2.384490 seconds.
  path: Assets/Prefabs/Player.prefab
  artifactKey: Guid(c7bb53c9384341045b873455e55f5f8a) Importer(815301076,1909f56bfc062723c751e8b465ee728b)
Start importing Assets/Prefabs/Player.prefab using Guid(c7bb53c9384341045b873455e55f5f8a) Importer(815301076,1909f56bfc062723c751e8b465ee728b)  -> (artifact id: '54d3735bec712fd454442f4d2b111a4b') in 0.026538 seconds 
========================================================================
Received Import Request.
  Time since last request: 0.000584 seconds.
  path: Assets/Prefabs/PlayerSprite.prefab
  artifactKey: Guid(04ea460011165f94592452d2d740b2a5) Importer(815301076,1909f56bfc062723c751e8b465ee728b)
Start importing Assets/Prefabs/PlayerSprite.prefab using Guid(04ea460011165f94592452d2d740b2a5) Importer(815301076,1909f56bfc062723c751e8b465ee728b)  -> (artifact id: 'fe19fac70f21cea1f6eaa0b74393b71d') in 0.023397 seconds 
========================================================================
Received Prepare
Registering precompiled user dll's ...
Registered in 0.205177 seconds.
Begin MonoManager ReloadAssembly
Native extension for WindowsStandalone target not found
Refreshing native plugins compatible for Editor in 1.04 ms, found 2 plugins.
Preloading 0 native plugins for Editor in 0.00 ms.
Mono: successfully reloaded assembly
- Completed reload, in  3.359 seconds
Platform modules already initialized, skipping
Refreshing native plugins compatible for Editor in 0.68 ms, found 2 plugins.
Preloading 0 native plugins for Editor in 0.00 ms.
Unloading 3671 Unused Serialized files (Serialized files now loaded: 0)
System memory in use before: 143.7 MB.
System memory in use after: 143.8 MB.

Unloading 17 unused Assets to reduce memory usage. Loaded Objects now: 4419.
Total: 2.936700 ms (FindLiveObjects: 0.314100 ms CreateObjectMapping: 0.161600 ms MarkObjects: 2.368600 ms  DeleteObjects: 0.091700 ms)

========================================================================
Received Import Request.
  Time since last request: 459.512709 seconds.
  path: Assets/Sprites/ETG Weapons.png
  artifactKey: Guid(59fb6723d2be7194e96217fce7da0a73) Importer(815301076,1909f56bfc062723c751e8b465ee728b)
Start importing Assets/Sprites/ETG Weapons.png using Guid(59fb6723d2be7194e96217fce7da0a73) Importer(815301076,1909f56bfc062723c751e8b465ee728b)  -> (artifact id: 'ef3e1d1a98a340d2c02ebb8d026f0c18') in 0.316462 seconds 
========================================================================
Received Import Request.
  Time since last request: 31.851782 seconds.
  path: Assets/Sprites/ETG Weapons.png
  artifactKey: Guid(59fb6723d2be7194e96217fce7da0a73) Importer(815301076,1909f56bfc062723c751e8b465ee728b)
Start importing Assets/Sprites/ETG Weapons.png using Guid(59fb6723d2be7194e96217fce7da0a73) Importer(815301076,1909f56bfc062723c751e8b465ee728b)  -> (artifact id: '489942a191de7f95b05cc942a053b0e6') in 0.036125 seconds 
========================================================================
Received Import Request.
  Time since last request: 20.720169 seconds.
  path: Assets/Sprites/ETG Weapons.png
  artifactKey: Guid(59fb6723d2be7194e96217fce7da0a73) Importer(815301076,1909f56bfc062723c751e8b465ee728b)
Start importing Assets/Sprites/ETG Weapons.png using Guid(59fb6723d2be7194e96217fce7da0a73) Importer(815301076,1909f56bfc062723c751e8b465ee728b)  -> (artifact id: '31bb8cf9a27a946c3705b2f03c6e68e6') in 0.042716 seconds 
========================================================================
Received Import Request.
  Time since last request: 41.214567 seconds.
  path: Assets/Sprites/ETG Weapons.png
  artifactKey: Guid(59fb6723d2be7194e96217fce7da0a73) Importer(815301076,1909f56bfc062723c751e8b465ee728b)
Start importing Assets/Sprites/ETG Weapons.png using Guid(59fb6723d2be7194e96217fce7da0a73) Importer(815301076,1909f56bfc062723c751e8b465ee728b)  -> (artifact id: '84757471845c05af8bf4eb78c5407105') in 0.027669 seconds 
========================================================================
Received Import Request.
  Time since last request: 19.606688 seconds.
  path: Assets/Sprites/ETG Weapons.png
  artifactKey: Guid(59fb6723d2be7194e96217fce7da0a73) Importer(815301076,1909f56bfc062723c751e8b465ee728b)
Start importing Assets/Sprites/ETG Weapons.png using Guid(59fb6723d2be7194e96217fce7da0a73) Importer(815301076,1909f56bfc062723c751e8b465ee728b)  -> (artifact id: '975ca4b3055432712282d8d32f0d3c28') in 0.052740 seconds 
========================================================================
Received Import Request.
  Time since last request: 47.094386 seconds.
  path: Assets/Sprites/ETG Weapons.png
  artifactKey: Guid(59fb6723d2be7194e96217fce7da0a73) Importer(815301076,1909f56bfc062723c751e8b465ee728b)
Start importing Assets/Sprites/ETG Weapons.png using Guid(59fb6723d2be7194e96217fce7da0a73) Importer(815301076,1909f56bfc062723c751e8b465ee728b)  -> (artifact id: '39746d75a3b56aa949bcbb058432f303') in 0.033162 seconds 
========================================================================
Received Import Request.
  Time since last request: 91.458739 seconds.
  path: Assets/Sprites/ETG Weapons.png
  artifactKey: Guid(59fb6723d2be7194e96217fce7da0a73) Importer(815301076,1909f56bfc062723c751e8b465ee728b)
Start importing Assets/Sprites/ETG Weapons.png using Guid(59fb6723d2be7194e96217fce7da0a73) Importer(815301076,1909f56bfc062723c751e8b465ee728b)  -> (artifact id: '5ff8030bca81a4eb0b607becaf79419f') in 0.036593 seconds 
========================================================================
Received Import Request.
  Time since last request: 62.482413 seconds.
  path: Assets/Prefabs/ETG Weapons_0.prefab
  artifactKey: Guid(bdf334b75e777d5448ef4105724cf043) Importer(815301076,1909f56bfc062723c751e8b465ee728b)
Start importing Assets/Prefabs/ETG Weapons_0.prefab using Guid(bdf334b75e777d5448ef4105724cf043) Importer(815301076,1909f56bfc062723c751e8b465ee728b)  -> (artifact id: '3058edf96f2caf63e8b7b4e1df2b18ce') in 0.072416 seconds 
========================================================================
Received Prepare
Registering precompiled user dll's ...
Registered in 0.003705 seconds.
Begin MonoManager ReloadAssembly
Native extension for WindowsStandalone target not found
Refreshing native plugins compatible for Editor in 0.75 ms, found 2 plugins.
Preloading 0 native plugins for Editor in 0.00 ms.
Mono: successfully reloaded assembly
- Completed reload, in  1.329 seconds
Platform modules already initialized, skipping
Refreshing native plugins compatible for Editor in 0.91 ms, found 2 plugins.
Preloading 0 native plugins for Editor in 0.00 ms.
Unloading 3672 Unused Serialized files (Serialized files now loaded: 0)
System memory in use before: 146.8 MB.
System memory in use after: 146.9 MB.

Unloading 17 unused Assets to reduce memory usage. Loaded Objects now: 4528.
Total: 3.881100 ms (FindLiveObjects: 0.372200 ms CreateObjectMapping: 0.239000 ms MarkObjects: 3.139400 ms  DeleteObjects: 0.129100 ms)

========================================================================
Received Import Request.
  Time since last request: 123.361059 seconds.
  path: Assets/Prefabs/ETG Weapons_0.prefab
  artifactKey: Guid(bdf334b75e777d5448ef4105724cf043) Importer(815301076,1909f56bfc062723c751e8b465ee728b)
Start importing Assets/Prefabs/ETG Weapons_0.prefab using Guid(bdf334b75e777d5448ef4105724cf043) Importer(815301076,1909f56bfc062723c751e8b465ee728b)  -> (artifact id: 'e0557c400afc440f93e7d2cfe4048735') in 0.110677 seconds 
AssetImportWorkerClient::OnTransportError - code=2 error=End of file
