Using pre-set license
Built from '2021.1/staging' branch; Version is '2021.1.6f1 (c0fade0cc7e9) revision 12647134'; Using compiler version '192528614'; Build Type 'Release'
OS: 'Windows 10 Pro; OS build 19043.1110; Version 2009; 64bit' Language: 'en' Physical Memory: 16322 MB
BatchMode: 1, IsHumanControllingUs: 0, StartBugReporterOnCrash: 0, Is64bit: 1, IsPro: 0

 COMMAND LINE ARGUMENTS:
C:\Users\USER\Documents\Unity\Unity Versions\2021.1.6f1\Editor\Unity.exe
-adb2
-batchMode
-noUpm
-name
AssetImportWorker0
-projectPath
C:/Users/USER/Documents/GitHubs/Desarrollo_Quirino/Enter the Gungeon
-logFile
Logs/AssetImportWorker0.log
-srvPort
51893
Successfully changed project path to: C:/Users/USER/Documents/GitHubs/Desarrollo_Quirino/Enter the Gungeon
C:/Users/USER/Documents/GitHubs/Desarrollo_Quirino/Enter the Gungeon
Using Asset Import Pipeline V2.
Refreshing native plugins compatible for Editor in 90.23 ms, found 2 plugins.
Preloading 0 native plugins for Editor in 0.00 ms.
Initialize engine version: 2021.1.6f1 (c0fade0cc7e9)
[Subsystems] Discovering subsystems at path C:/Users/USER/Documents/Unity/Unity Versions/2021.1.6f1/Editor/Data/Resources/UnitySubsystems
[Subsystems] Discovering subsystems at path C:/Users/USER/Documents/GitHubs/Desarrollo_Quirino/Enter the Gungeon/Assets
GfxDevice: creating device client; threaded=0; jobified=0
Direct3D:
    Version:  Direct3D 11.0 [level 11.1]
    Renderer: NVIDIA GeForce GTX 1660 SUPER (ID=0x21c4)
    Vendor:   NVIDIA
    VRAM:     5991 MB
    Driver:   27.21.14.5671
Initialize mono
Mono path[0] = 'C:/Users/USER/Documents/Unity/Unity Versions/2021.1.6f1/Editor/Data/Managed'
Mono path[1] = 'C:/Users/USER/Documents/Unity/Unity Versions/2021.1.6f1/Editor/Data/MonoBleedingEdge/lib/mono/unityjit'
Mono config path = 'C:/Users/USER/Documents/Unity/Unity Versions/2021.1.6f1/Editor/Data/MonoBleedingEdge/etc'
Using monoOptions --debugger-agent=transport=dt_socket,embedding=1,server=y,suspend=n,address=127.0.0.1:56656
Begin MonoManager ReloadAssembly
Registering precompiled unity dll's ...
Register platform support module: C:/Users/USER/Documents/Unity/Unity Versions/2021.1.6f1/Editor/Data/PlaybackEngines/WindowsStandaloneSupport/UnityEditor.WindowsStandalone.Extensions.dll
Registered in 0.001740 seconds.
Native extension for WindowsStandalone target not found
Refreshing native plugins compatible for Editor in 93.96 ms, found 2 plugins.
Preloading 0 native plugins for Editor in 0.00 ms.
Mono: successfully reloaded assembly
- Completed reload, in  1.098 seconds
Platform modules already initialized, skipping
Registering precompiled user dll's ...
Registered in 0.003005 seconds.
Begin MonoManager ReloadAssembly
Native extension for WindowsStandalone target not found
Refreshing native plugins compatible for Editor in 95.23 ms, found 2 plugins.
Preloading 0 native plugins for Editor in 0.00 ms.
Mono: successfully reloaded assembly
- Completed reload, in  1.067 seconds
Platform modules already initialized, skipping
========================================================================
Worker process is ready to serve import requests
Launched and connected shader compiler UnityShaderCompiler.exe after 0.08 seconds
Refreshing native plugins compatible for Editor in 0.64 ms, found 2 plugins.
Preloading 0 native plugins for Editor in 0.00 ms.
Unloading 3742 Unused Serialized files (Serialized files now loaded: 0)
System memory in use before: 142.5 MB.
System memory in use after: 142.7 MB.

Unloading 26 unused Assets to reduce memory usage. Loaded Objects now: 4203.
Total: 2.465000 ms (FindLiveObjects: 0.261600 ms CreateObjectMapping: 0.133100 ms MarkObjects: 2.016400 ms  DeleteObjects: 0.052800 ms)

========================================================================
Received Import Request.
  path: Assets/Scenes/Store.unity
  artifactKey: Guid(caad729bd5855f543a78aae5f6dfe1d1) Importer(815301076,1909f56bfc062723c751e8b465ee728b)
Start importing Assets/Scenes/Store.unity using Guid(caad729bd5855f543a78aae5f6dfe1d1) Importer(815301076,1909f56bfc062723c751e8b465ee728b)  -> (artifact id: '78107de8b84fa40fbc727a6541620c0e') in 0.016988 seconds 
========================================================================
Received Import Request.
  Time since last request: 118.052497 seconds.
  path: Assets/Scripts/Store.cs
  artifactKey: Guid(d1e01b69ad9f99d47b8447e3e452c077) Importer(815301076,1909f56bfc062723c751e8b465ee728b)
Start importing Assets/Scripts/Store.cs using Guid(d1e01b69ad9f99d47b8447e3e452c077) Importer(815301076,1909f56bfc062723c751e8b465ee728b)  -> (artifact id: 'd25aa73fe57bca45230c64c111ccbcef') in 0.037875 seconds 
========================================================================
Received Import Request.
  Time since last request: 0.307774 seconds.
  path: Assets/Scripts/StoreItem.cs
  artifactKey: Guid(9d89e6c5194fb9148bc06023facb2e68) Importer(815301076,1909f56bfc062723c751e8b465ee728b)
Start importing Assets/Scripts/StoreItem.cs using Guid(9d89e6c5194fb9148bc06023facb2e68) Importer(815301076,1909f56bfc062723c751e8b465ee728b)  -> (artifact id: '3362241d9f0b12e71f30ee46ab4ad1ad') in 0.005621 seconds 
========================================================================
Received Import Request.
  Time since last request: 4.342382 seconds.
  path: Assets/Scripts/WeaponScripts/Weapon.cs
  artifactKey: Guid(87777c2ad34b5f8428309967cbfdff90) Importer(815301076,1909f56bfc062723c751e8b465ee728b)
Start importing Assets/Scripts/WeaponScripts/Weapon.cs using Guid(87777c2ad34b5f8428309967cbfdff90) Importer(815301076,1909f56bfc062723c751e8b465ee728b)  -> (artifact id: '2de3d4160a84a9bb7a101ba119359864') in 0.005414 seconds 
========================================================================
Received Import Request.
  Time since last request: 139.004761 seconds.
  path: Assets/Scripts/WeaponScripts/AutomaticWeapon.cs
  artifactKey: Guid(7f6757b9cf6c1594491c0b5cd0c279e6) Importer(815301076,1909f56bfc062723c751e8b465ee728b)
Start importing Assets/Scripts/WeaponScripts/AutomaticWeapon.cs using Guid(7f6757b9cf6c1594491c0b5cd0c279e6) Importer(815301076,1909f56bfc062723c751e8b465ee728b)  -> (artifact id: 'bad624c78958c5a81ab6c0689177c525') in 0.006850 seconds 
========================================================================
Received Import Request.
  Time since last request: 1.348156 seconds.
  path: Assets/Scripts/WeaponScripts/BeamWeapon.cs
  artifactKey: Guid(95371bcd19bfd3a43ad63e1a58cf4d28) Importer(815301076,1909f56bfc062723c751e8b465ee728b)
Start importing Assets/Scripts/WeaponScripts/BeamWeapon.cs using Guid(95371bcd19bfd3a43ad63e1a58cf4d28) Importer(815301076,1909f56bfc062723c751e8b465ee728b)  -> (artifact id: '1cacaf396f8455c3c360652e44bc4185') in 0.007152 seconds 
========================================================================
Received Import Request.
  Time since last request: 1.267993 seconds.
  path: Assets/Scripts/WeaponScripts/BurstWeapon.cs
  artifactKey: Guid(338a8b261aa89174ebbe9214b13f3787) Importer(815301076,1909f56bfc062723c751e8b465ee728b)
Start importing Assets/Scripts/WeaponScripts/BurstWeapon.cs using Guid(338a8b261aa89174ebbe9214b13f3787) Importer(815301076,1909f56bfc062723c751e8b465ee728b)  -> (artifact id: 'def22e2d38c3e2080bac570d89ec32bd') in 0.005836 seconds 
========================================================================
Received Import Request.
  Time since last request: 2.676087 seconds.
  path: Assets/Scripts/WeaponScripts/ChargedWeapon.cs
  artifactKey: Guid(e8dc1e195d608ca4787723be487cf8ff) Importer(815301076,1909f56bfc062723c751e8b465ee728b)
Start importing Assets/Scripts/WeaponScripts/ChargedWeapon.cs using Guid(e8dc1e195d608ca4787723be487cf8ff) Importer(815301076,1909f56bfc062723c751e8b465ee728b)  -> (artifact id: 'd4d2a2f238d8c0d96997ca32cb171870') in 0.006901 seconds 
========================================================================
Received Import Request.
  Time since last request: 1.155229 seconds.
  path: Assets/Scripts/WeaponScripts/GameBullet.cs
  artifactKey: Guid(6f43ab826550e2a478cfd7535946d37b) Importer(815301076,1909f56bfc062723c751e8b465ee728b)
Start importing Assets/Scripts/WeaponScripts/GameBullet.cs using Guid(6f43ab826550e2a478cfd7535946d37b) Importer(815301076,1909f56bfc062723c751e8b465ee728b)  -> (artifact id: '4476c12f8fb3e39af3996a7ff6008de6') in 0.005554 seconds 
========================================================================
Received Import Request.
  Time since last request: 1.095841 seconds.
  path: Assets/Scripts/WeaponScripts/SemiautomaticWeapon.cs
  artifactKey: Guid(f11dd93136400f446b1a17e5d1b5db63) Importer(815301076,1909f56bfc062723c751e8b465ee728b)
Start importing Assets/Scripts/WeaponScripts/SemiautomaticWeapon.cs using Guid(f11dd93136400f446b1a17e5d1b5db63) Importer(815301076,1909f56bfc062723c751e8b465ee728b)  -> (artifact id: '28572573168bf6ea9e9a1c4e044b2aeb') in 0.006248 seconds 
========================================================================
Received Import Request.
  Time since last request: 13986.684538 seconds.
  path: Assets/Scripts/WeaponScripts/Weapon.cs
  artifactKey: Guid(87777c2ad34b5f8428309967cbfdff90) Importer(815301076,1909f56bfc062723c751e8b465ee728b)
Start importing Assets/Scripts/WeaponScripts/Weapon.cs using Guid(87777c2ad34b5f8428309967cbfdff90) Importer(815301076,1909f56bfc062723c751e8b465ee728b)  -> (artifact id: '38b3e0bb2a9856dfb73974aafa599a9a') in 0.006246 seconds 
========================================================================
Received Prepare
Registering precompiled user dll's ...
Registered in 0.003305 seconds.
Begin MonoManager ReloadAssembly
Native extension for WindowsStandalone target not found
Refreshing native plugins compatible for Editor in 0.65 ms, found 2 plugins.
Preloading 0 native plugins for Editor in 0.00 ms.
Mono: successfully reloaded assembly
- Completed reload, in  0.999 seconds
Platform modules already initialized, skipping
Refreshing native plugins compatible for Editor in 0.65 ms, found 2 plugins.
Preloading 0 native plugins for Editor in 0.00 ms.
Unloading 3719 Unused Serialized files (Serialized files now loaded: 0)
System memory in use before: 140.9 MB.
System memory in use after: 141.2 MB.

Unloading 12 unused Assets to reduce memory usage. Loaded Objects now: 4207.
Total: 2.257200 ms (FindLiveObjects: 0.247700 ms CreateObjectMapping: 0.136900 ms MarkObjects: 1.857800 ms  DeleteObjects: 0.013900 ms)

========================================================================
Received Prepare
Registering precompiled user dll's ...
Registered in 0.002929 seconds.
Begin MonoManager ReloadAssembly
Native extension for WindowsStandalone target not found
Refreshing native plugins compatible for Editor in 0.64 ms, found 2 plugins.
Preloading 0 native plugins for Editor in 0.00 ms.
Mono: successfully reloaded assembly
- Completed reload, in  0.899 seconds
Platform modules already initialized, skipping
Refreshing native plugins compatible for Editor in 0.64 ms, found 2 plugins.
Preloading 0 native plugins for Editor in 0.00 ms.
Unloading 3719 Unused Serialized files (Serialized files now loaded: 0)
System memory in use before: 141.0 MB.
System memory in use after: 141.2 MB.

Unloading 12 unused Assets to reduce memory usage. Loaded Objects now: 4211.
Total: 2.239700 ms (FindLiveObjects: 0.260500 ms CreateObjectMapping: 0.155900 ms MarkObjects: 1.808500 ms  DeleteObjects: 0.013900 ms)

========================================================================
Received Prepare
Registering precompiled user dll's ...
Registered in 0.002962 seconds.
Begin MonoManager ReloadAssembly
Native extension for WindowsStandalone target not found
Refreshing native plugins compatible for Editor in 0.65 ms, found 2 plugins.
Preloading 0 native plugins for Editor in 0.00 ms.
Mono: successfully reloaded assembly
- Completed reload, in  0.931 seconds
Platform modules already initialized, skipping
Refreshing native plugins compatible for Editor in 0.65 ms, found 2 plugins.
Preloading 0 native plugins for Editor in 0.00 ms.
Unloading 3719 Unused Serialized files (Serialized files now loaded: 0)
System memory in use before: 141.0 MB.
System memory in use after: 141.3 MB.

Unloading 12 unused Assets to reduce memory usage. Loaded Objects now: 4215.
Total: 2.238100 ms (FindLiveObjects: 0.258400 ms CreateObjectMapping: 0.156400 ms MarkObjects: 1.808300 ms  DeleteObjects: 0.014400 ms)

========================================================================
Received Prepare
Registering precompiled user dll's ...
Registered in 0.003219 seconds.
Begin MonoManager ReloadAssembly
Native extension for WindowsStandalone target not found
Refreshing native plugins compatible for Editor in 0.68 ms, found 2 plugins.
Preloading 0 native plugins for Editor in 0.00 ms.
Mono: successfully reloaded assembly
- Completed reload, in  0.919 seconds
Platform modules already initialized, skipping
Refreshing native plugins compatible for Editor in 0.64 ms, found 2 plugins.
Preloading 0 native plugins for Editor in 0.00 ms.
Unloading 3719 Unused Serialized files (Serialized files now loaded: 0)
System memory in use before: 141.0 MB.
System memory in use after: 141.3 MB.

Unloading 12 unused Assets to reduce memory usage. Loaded Objects now: 4219.
Total: 2.260600 ms (FindLiveObjects: 0.255000 ms CreateObjectMapping: 0.154600 ms MarkObjects: 1.836600 ms  DeleteObjects: 0.013500 ms)

========================================================================
Received Prepare
Registering precompiled user dll's ...
Registered in 0.002982 seconds.
Begin MonoManager ReloadAssembly
Native extension for WindowsStandalone target not found
Refreshing native plugins compatible for Editor in 0.80 ms, found 2 plugins.
Preloading 0 native plugins for Editor in 0.00 ms.
Mono: successfully reloaded assembly
- Completed reload, in  0.928 seconds
Platform modules already initialized, skipping
Refreshing native plugins compatible for Editor in 0.71 ms, found 2 plugins.
Preloading 0 native plugins for Editor in 0.00 ms.
Unloading 3719 Unused Serialized files (Serialized files now loaded: 0)
System memory in use before: 141.0 MB.
System memory in use after: 141.3 MB.

Unloading 12 unused Assets to reduce memory usage. Loaded Objects now: 4223.
Total: 2.358600 ms (FindLiveObjects: 0.269300 ms CreateObjectMapping: 0.168500 ms MarkObjects: 1.900400 ms  DeleteObjects: 0.019300 ms)

========================================================================
Received Prepare
Registering precompiled user dll's ...
Registered in 0.002979 seconds.
Begin MonoManager ReloadAssembly
Native extension for WindowsStandalone target not found
Refreshing native plugins compatible for Editor in 0.64 ms, found 2 plugins.
Preloading 0 native plugins for Editor in 0.00 ms.
Mono: successfully reloaded assembly
- Completed reload, in  0.947 seconds
Platform modules already initialized, skipping
Refreshing native plugins compatible for Editor in 0.63 ms, found 2 plugins.
Preloading 0 native plugins for Editor in 0.00 ms.
Unloading 3719 Unused Serialized files (Serialized files now loaded: 0)
System memory in use before: 141.1 MB.
System memory in use after: 141.3 MB.

Unloading 12 unused Assets to reduce memory usage. Loaded Objects now: 4227.
Total: 2.417900 ms (FindLiveObjects: 0.260500 ms CreateObjectMapping: 0.144500 ms MarkObjects: 1.999200 ms  DeleteObjects: 0.012800 ms)

========================================================================
Received Prepare
Registering precompiled user dll's ...
Registered in 0.004347 seconds.
Begin MonoManager ReloadAssembly
Native extension for WindowsStandalone target not found
Refreshing native plugins compatible for Editor in 0.64 ms, found 2 plugins.
Preloading 0 native plugins for Editor in 0.00 ms.
Mono: successfully reloaded assembly
- Completed reload, in  0.891 seconds
Platform modules already initialized, skipping
Refreshing native plugins compatible for Editor in 0.64 ms, found 2 plugins.
Preloading 0 native plugins for Editor in 0.00 ms.
Unloading 3719 Unused Serialized files (Serialized files now loaded: 0)
System memory in use before: 141.1 MB.
System memory in use after: 141.3 MB.

Unloading 12 unused Assets to reduce memory usage. Loaded Objects now: 4231.
Total: 2.356300 ms (FindLiveObjects: 0.254800 ms CreateObjectMapping: 0.164600 ms MarkObjects: 1.918300 ms  DeleteObjects: 0.017700 ms)

========================================================================
Received Prepare
Registering precompiled user dll's ...
Registered in 0.003000 seconds.
Begin MonoManager ReloadAssembly
Native extension for WindowsStandalone target not found
Refreshing native plugins compatible for Editor in 0.64 ms, found 2 plugins.
Preloading 0 native plugins for Editor in 0.00 ms.
Mono: successfully reloaded assembly
- Completed reload, in  0.923 seconds
Platform modules already initialized, skipping
Refreshing native plugins compatible for Editor in 0.64 ms, found 2 plugins.
Preloading 0 native plugins for Editor in 0.00 ms.
Unloading 3719 Unused Serialized files (Serialized files now loaded: 0)
System memory in use before: 141.1 MB.
System memory in use after: 141.3 MB.

Unloading 12 unused Assets to reduce memory usage. Loaded Objects now: 4235.
Total: 2.362700 ms (FindLiveObjects: 0.266500 ms CreateObjectMapping: 0.146400 ms MarkObjects: 1.932500 ms  DeleteObjects: 0.016300 ms)

========================================================================
Received Prepare
Registering precompiled user dll's ...
Registered in 0.003096 seconds.
Begin MonoManager ReloadAssembly
Native extension for WindowsStandalone target not found
Refreshing native plugins compatible for Editor in 0.64 ms, found 2 plugins.
Preloading 0 native plugins for Editor in 0.00 ms.
Mono: successfully reloaded assembly
- Completed reload, in  0.913 seconds
Platform modules already initialized, skipping
Refreshing native plugins compatible for Editor in 0.67 ms, found 2 plugins.
Preloading 0 native plugins for Editor in 0.00 ms.
Unloading 3719 Unused Serialized files (Serialized files now loaded: 0)
System memory in use before: 141.1 MB.
System memory in use after: 141.3 MB.

Unloading 12 unused Assets to reduce memory usage. Loaded Objects now: 4239.
Total: 2.316400 ms (FindLiveObjects: 0.272200 ms CreateObjectMapping: 0.177300 ms MarkObjects: 1.852200 ms  DeleteObjects: 0.013600 ms)

========================================================================
Received Prepare
Registering precompiled user dll's ...
Registered in 0.003043 seconds.
Begin MonoManager ReloadAssembly
Native extension for WindowsStandalone target not found
Refreshing native plugins compatible for Editor in 0.64 ms, found 2 plugins.
Preloading 0 native plugins for Editor in 0.00 ms.
Mono: successfully reloaded assembly
- Completed reload, in  0.920 seconds
Platform modules already initialized, skipping
Refreshing native plugins compatible for Editor in 0.63 ms, found 2 plugins.
Preloading 0 native plugins for Editor in 0.00 ms.
Unloading 3719 Unused Serialized files (Serialized files now loaded: 0)
System memory in use before: 141.1 MB.
System memory in use after: 141.3 MB.

Unloading 12 unused Assets to reduce memory usage. Loaded Objects now: 4243.
Total: 2.275900 ms (FindLiveObjects: 0.261200 ms CreateObjectMapping: 0.160800 ms MarkObjects: 1.839100 ms  DeleteObjects: 0.013900 ms)

========================================================================
Received Prepare
Registering precompiled user dll's ...
Registered in 0.003016 seconds.
Begin MonoManager ReloadAssembly
Native extension for WindowsStandalone target not found
Refreshing native plugins compatible for Editor in 0.64 ms, found 2 plugins.
Preloading 0 native plugins for Editor in 0.00 ms.
Mono: successfully reloaded assembly
- Completed reload, in  0.884 seconds
Platform modules already initialized, skipping
Refreshing native plugins compatible for Editor in 0.69 ms, found 2 plugins.
Preloading 0 native plugins for Editor in 0.00 ms.
Unloading 3719 Unused Serialized files (Serialized files now loaded: 0)
System memory in use before: 141.1 MB.
System memory in use after: 141.3 MB.

Unloading 12 unused Assets to reduce memory usage. Loaded Objects now: 4247.
Total: 2.283200 ms (FindLiveObjects: 0.277400 ms CreateObjectMapping: 0.163500 ms MarkObjects: 1.828700 ms  DeleteObjects: 0.012700 ms)

========================================================================
Received Prepare
Registering precompiled user dll's ...
Registered in 0.003132 seconds.
Begin MonoManager ReloadAssembly
Native extension for WindowsStandalone target not found
Refreshing native plugins compatible for Editor in 0.62 ms, found 2 plugins.
Preloading 0 native plugins for Editor in 0.00 ms.
Mono: successfully reloaded assembly
- Completed reload, in  0.918 seconds
Platform modules already initialized, skipping
Refreshing native plugins compatible for Editor in 0.66 ms, found 2 plugins.
Preloading 0 native plugins for Editor in 0.00 ms.
Unloading 3719 Unused Serialized files (Serialized files now loaded: 0)
System memory in use before: 141.1 MB.
System memory in use after: 141.4 MB.

Unloading 12 unused Assets to reduce memory usage. Loaded Objects now: 4251.
Total: 2.317400 ms (FindLiveObjects: 0.266300 ms CreateObjectMapping: 0.156600 ms MarkObjects: 1.876000 ms  DeleteObjects: 0.017300 ms)

========================================================================
Received Prepare
Registering precompiled user dll's ...
Registered in 0.002902 seconds.
Begin MonoManager ReloadAssembly
Native extension for WindowsStandalone target not found
Refreshing native plugins compatible for Editor in 0.64 ms, found 2 plugins.
Preloading 0 native plugins for Editor in 0.00 ms.
Mono: successfully reloaded assembly
- Completed reload, in  0.963 seconds
Platform modules already initialized, skipping
Refreshing native plugins compatible for Editor in 0.63 ms, found 2 plugins.
Preloading 0 native plugins for Editor in 0.00 ms.
Unloading 3719 Unused Serialized files (Serialized files now loaded: 0)
System memory in use before: 141.1 MB.
System memory in use after: 141.4 MB.

Unloading 12 unused Assets to reduce memory usage. Loaded Objects now: 4255.
Total: 2.422500 ms (FindLiveObjects: 0.252600 ms CreateObjectMapping: 0.158900 ms MarkObjects: 1.995900 ms  DeleteObjects: 0.014300 ms)

========================================================================
Received Prepare
Registering precompiled user dll's ...
Registered in 0.003072 seconds.
Begin MonoManager ReloadAssembly
Native extension for WindowsStandalone target not found
Refreshing native plugins compatible for Editor in 0.71 ms, found 2 plugins.
Preloading 0 native plugins for Editor in 0.00 ms.
Mono: successfully reloaded assembly
- Completed reload, in  0.967 seconds
Platform modules already initialized, skipping
Refreshing native plugins compatible for Editor in 0.63 ms, found 2 plugins.
Preloading 0 native plugins for Editor in 0.00 ms.
Unloading 3719 Unused Serialized files (Serialized files now loaded: 0)
System memory in use before: 141.1 MB.
System memory in use after: 141.4 MB.

Unloading 12 unused Assets to reduce memory usage. Loaded Objects now: 4259.
Total: 2.302700 ms (FindLiveObjects: 0.256300 ms CreateObjectMapping: 0.161900 ms MarkObjects: 1.869100 ms  DeleteObjects: 0.014400 ms)

========================================================================
Received Prepare
Registering precompiled user dll's ...
Registered in 0.003322 seconds.
Begin MonoManager ReloadAssembly
Native extension for WindowsStandalone target not found
Refreshing native plugins compatible for Editor in 0.68 ms, found 2 plugins.
Preloading 0 native plugins for Editor in 0.00 ms.
Mono: successfully reloaded assembly
- Completed reload, in  0.945 seconds
Platform modules already initialized, skipping
Refreshing native plugins compatible for Editor in 0.66 ms, found 2 plugins.
Preloading 0 native plugins for Editor in 0.00 ms.
Unloading 3719 Unused Serialized files (Serialized files now loaded: 0)
System memory in use before: 141.1 MB.
System memory in use after: 141.4 MB.

Unloading 12 unused Assets to reduce memory usage. Loaded Objects now: 4263.
Total: 2.721300 ms (FindLiveObjects: 0.281200 ms CreateObjectMapping: 0.176600 ms MarkObjects: 2.241800 ms  DeleteObjects: 0.020600 ms)

========================================================================
Received Prepare
Registering precompiled user dll's ...
Registered in 0.003032 seconds.
Begin MonoManager ReloadAssembly
Native extension for WindowsStandalone target not found
Refreshing native plugins compatible for Editor in 0.64 ms, found 2 plugins.
Preloading 0 native plugins for Editor in 0.00 ms.
Mono: successfully reloaded assembly
- Completed reload, in  0.937 seconds
Platform modules already initialized, skipping
Refreshing native plugins compatible for Editor in 0.65 ms, found 2 plugins.
Preloading 0 native plugins for Editor in 0.00 ms.
Unloading 3719 Unused Serialized files (Serialized files now loaded: 0)
System memory in use before: 141.1 MB.
System memory in use after: 141.4 MB.

Unloading 12 unused Assets to reduce memory usage. Loaded Objects now: 4267.
Total: 2.419300 ms (FindLiveObjects: 0.270500 ms CreateObjectMapping: 0.144100 ms MarkObjects: 1.990800 ms  DeleteObjects: 0.012900 ms)

========================================================================
Received Prepare
Registering precompiled user dll's ...
Registered in 0.003105 seconds.
Begin MonoManager ReloadAssembly
Native extension for WindowsStandalone target not found
Refreshing native plugins compatible for Editor in 0.66 ms, found 2 plugins.
Preloading 0 native plugins for Editor in 0.00 ms.
Mono: successfully reloaded assembly
- Completed reload, in  0.948 seconds
Platform modules already initialized, skipping
Refreshing native plugins compatible for Editor in 0.63 ms, found 2 plugins.
Preloading 0 native plugins for Editor in 0.00 ms.
Unloading 3719 Unused Serialized files (Serialized files now loaded: 0)
System memory in use before: 141.2 MB.
System memory in use after: 141.4 MB.

Unloading 12 unused Assets to reduce memory usage. Loaded Objects now: 4271.
Total: 2.264700 ms (FindLiveObjects: 0.256400 ms CreateObjectMapping: 0.165400 ms MarkObjects: 1.828800 ms  DeleteObjects: 0.013100 ms)

========================================================================
Received Prepare
Registering precompiled user dll's ...
Registered in 0.003095 seconds.
Begin MonoManager ReloadAssembly
Native extension for WindowsStandalone target not found
Refreshing native plugins compatible for Editor in 0.65 ms, found 2 plugins.
Preloading 0 native plugins for Editor in 0.00 ms.
Mono: successfully reloaded assembly
- Completed reload, in  0.906 seconds
Platform modules already initialized, skipping
Refreshing native plugins compatible for Editor in 1.01 ms, found 2 plugins.
Preloading 0 native plugins for Editor in 0.00 ms.
Unloading 3719 Unused Serialized files (Serialized files now loaded: 0)
System memory in use before: 141.2 MB.
System memory in use after: 141.4 MB.

Unloading 12 unused Assets to reduce memory usage. Loaded Objects now: 4275.
Total: 2.306200 ms (FindLiveObjects: 0.261000 ms CreateObjectMapping: 0.152200 ms MarkObjects: 1.877400 ms  DeleteObjects: 0.014700 ms)

========================================================================
Received Prepare
Registering precompiled user dll's ...
Registered in 0.003106 seconds.
Begin MonoManager ReloadAssembly
Native extension for WindowsStandalone target not found
Refreshing native plugins compatible for Editor in 0.69 ms, found 2 plugins.
Preloading 0 native plugins for Editor in 0.00 ms.
Mono: successfully reloaded assembly
- Completed reload, in  0.960 seconds
Platform modules already initialized, skipping
Refreshing native plugins compatible for Editor in 0.72 ms, found 2 plugins.
Preloading 0 native plugins for Editor in 0.00 ms.
Unloading 3719 Unused Serialized files (Serialized files now loaded: 0)
System memory in use before: 141.2 MB.
System memory in use after: 141.4 MB.

Unloading 12 unused Assets to reduce memory usage. Loaded Objects now: 4279.
Total: 2.555600 ms (FindLiveObjects: 0.300200 ms CreateObjectMapping: 0.163800 ms MarkObjects: 2.072700 ms  DeleteObjects: 0.017800 ms)

========================================================================
Received Prepare
Registering precompiled user dll's ...
Registered in 0.003140 seconds.
Begin MonoManager ReloadAssembly
Native extension for WindowsStandalone target not found
Refreshing native plugins compatible for Editor in 0.82 ms, found 2 plugins.
Preloading 0 native plugins for Editor in 0.00 ms.
Mono: successfully reloaded assembly
- Completed reload, in  0.910 seconds
Platform modules already initialized, skipping
Refreshing native plugins compatible for Editor in 0.92 ms, found 2 plugins.
Preloading 0 native plugins for Editor in 0.00 ms.
Unloading 3719 Unused Serialized files (Serialized files now loaded: 0)
System memory in use before: 141.2 MB.
System memory in use after: 141.4 MB.

Unloading 12 unused Assets to reduce memory usage. Loaded Objects now: 4283.
Total: 2.419600 ms (FindLiveObjects: 0.280800 ms CreateObjectMapping: 0.162100 ms MarkObjects: 1.958300 ms  DeleteObjects: 0.017200 ms)

========================================================================
Received Prepare
Registering precompiled user dll's ...
Registered in 0.003103 seconds.
Begin MonoManager ReloadAssembly
Native extension for WindowsStandalone target not found
Refreshing native plugins compatible for Editor in 0.89 ms, found 2 plugins.
Preloading 0 native plugins for Editor in 0.00 ms.
Mono: successfully reloaded assembly
- Completed reload, in  0.940 seconds
Platform modules already initialized, skipping
Refreshing native plugins compatible for Editor in 0.64 ms, found 2 plugins.
Preloading 0 native plugins for Editor in 0.00 ms.
Unloading 3719 Unused Serialized files (Serialized files now loaded: 0)
System memory in use before: 141.2 MB.
System memory in use after: 141.4 MB.

Unloading 12 unused Assets to reduce memory usage. Loaded Objects now: 4287.
Total: 2.411000 ms (FindLiveObjects: 0.284300 ms CreateObjectMapping: 0.159500 ms MarkObjects: 1.946500 ms  DeleteObjects: 0.019800 ms)

========================================================================
Received Prepare
Registering precompiled user dll's ...
Registered in 0.003178 seconds.
Begin MonoManager ReloadAssembly
Native extension for WindowsStandalone target not found
Refreshing native plugins compatible for Editor in 0.66 ms, found 2 plugins.
Preloading 0 native plugins for Editor in 0.00 ms.
Mono: successfully reloaded assembly
- Completed reload, in  0.965 seconds
Platform modules already initialized, skipping
Refreshing native plugins compatible for Editor in 0.68 ms, found 2 plugins.
Preloading 0 native plugins for Editor in 0.00 ms.
Unloading 3719 Unused Serialized files (Serialized files now loaded: 0)
System memory in use before: 141.2 MB.
System memory in use after: 141.4 MB.

Unloading 12 unused Assets to reduce memory usage. Loaded Objects now: 4291.
Total: 3.214500 ms (FindLiveObjects: 0.295900 ms CreateObjectMapping: 0.186300 ms MarkObjects: 2.707000 ms  DeleteObjects: 0.024100 ms)

========================================================================
Received Prepare
Registering precompiled user dll's ...
Registered in 0.003196 seconds.
Begin MonoManager ReloadAssembly
Native extension for WindowsStandalone target not found
Refreshing native plugins compatible for Editor in 0.74 ms, found 2 plugins.
Preloading 0 native plugins for Editor in 0.00 ms.
Mono: successfully reloaded assembly
- Completed reload, in  0.944 seconds
Platform modules already initialized, skipping
Refreshing native plugins compatible for Editor in 0.64 ms, found 2 plugins.
Preloading 0 native plugins for Editor in 0.00 ms.
Unloading 3719 Unused Serialized files (Serialized files now loaded: 0)
System memory in use before: 141.2 MB.
System memory in use after: 141.5 MB.

Unloading 12 unused Assets to reduce memory usage. Loaded Objects now: 4295.
Total: 2.550500 ms (FindLiveObjects: 0.340900 ms CreateObjectMapping: 0.205200 ms MarkObjects: 1.989000 ms  DeleteObjects: 0.014600 ms)

========================================================================
Received Prepare
Registering precompiled user dll's ...
Registered in 0.003110 seconds.
Begin MonoManager ReloadAssembly
Native extension for WindowsStandalone target not found
Refreshing native plugins compatible for Editor in 1.00 ms, found 2 plugins.
Preloading 0 native plugins for Editor in 0.00 ms.
Mono: successfully reloaded assembly
- Completed reload, in  0.933 seconds
Platform modules already initialized, skipping
Refreshing native plugins compatible for Editor in 0.66 ms, found 2 plugins.
Preloading 0 native plugins for Editor in 0.00 ms.
Unloading 3719 Unused Serialized files (Serialized files now loaded: 0)
System memory in use before: 141.2 MB.
System memory in use after: 141.5 MB.

Unloading 12 unused Assets to reduce memory usage. Loaded Objects now: 4299.
Total: 2.335400 ms (FindLiveObjects: 0.264300 ms CreateObjectMapping: 0.148000 ms MarkObjects: 1.904200 ms  DeleteObjects: 0.018000 ms)

========================================================================
Received Prepare
Registering precompiled user dll's ...
Registered in 0.003119 seconds.
Begin MonoManager ReloadAssembly
Native extension for WindowsStandalone target not found
Refreshing native plugins compatible for Editor in 0.65 ms, found 2 plugins.
Preloading 0 native plugins for Editor in 0.00 ms.
Mono: successfully reloaded assembly
- Completed reload, in  0.934 seconds
Platform modules already initialized, skipping
Refreshing native plugins compatible for Editor in 0.66 ms, found 2 plugins.
Preloading 0 native plugins for Editor in 0.00 ms.
Unloading 3719 Unused Serialized files (Serialized files now loaded: 0)
System memory in use before: 141.2 MB.
System memory in use after: 141.5 MB.

Unloading 12 unused Assets to reduce memory usage. Loaded Objects now: 4303.
Total: 2.348000 ms (FindLiveObjects: 0.276100 ms CreateObjectMapping: 0.166700 ms MarkObjects: 1.888600 ms  DeleteObjects: 0.015500 ms)

========================================================================
Received Prepare
Registering precompiled user dll's ...
Registered in 0.003294 seconds.
Begin MonoManager ReloadAssembly
Native extension for WindowsStandalone target not found
Refreshing native plugins compatible for Editor in 0.74 ms, found 2 plugins.
Preloading 0 native plugins for Editor in 0.00 ms.
Mono: successfully reloaded assembly
- Completed reload, in  0.972 seconds
Platform modules already initialized, skipping
Refreshing native plugins compatible for Editor in 0.64 ms, found 2 plugins.
Preloading 0 native plugins for Editor in 0.00 ms.
Unloading 3719 Unused Serialized files (Serialized files now loaded: 0)
System memory in use before: 141.2 MB.
System memory in use after: 141.5 MB.

Unloading 12 unused Assets to reduce memory usage. Loaded Objects now: 4307.
Total: 2.265600 ms (FindLiveObjects: 0.277200 ms CreateObjectMapping: 0.163000 ms MarkObjects: 1.809600 ms  DeleteObjects: 0.014500 ms)

========================================================================
Received Prepare
Registering precompiled user dll's ...
Registered in 0.003282 seconds.
Begin MonoManager ReloadAssembly
Native extension for WindowsStandalone target not found
Refreshing native plugins compatible for Editor in 0.64 ms, found 2 plugins.
Preloading 0 native plugins for Editor in 0.00 ms.
Mono: successfully reloaded assembly
- Completed reload, in  0.900 seconds
Platform modules already initialized, skipping
Refreshing native plugins compatible for Editor in 0.66 ms, found 2 plugins.
Preloading 0 native plugins for Editor in 0.00 ms.
Unloading 3719 Unused Serialized files (Serialized files now loaded: 0)
System memory in use before: 141.2 MB.
System memory in use after: 141.5 MB.

Unloading 12 unused Assets to reduce memory usage. Loaded Objects now: 4311.
Total: 2.346900 ms (FindLiveObjects: 0.267700 ms CreateObjectMapping: 0.156600 ms MarkObjects: 1.902400 ms  DeleteObjects: 0.019000 ms)

========================================================================
Received Prepare
Registering precompiled user dll's ...
Registered in 0.003007 seconds.
Begin MonoManager ReloadAssembly
Native extension for WindowsStandalone target not found
Refreshing native plugins compatible for Editor in 0.65 ms, found 2 plugins.
Preloading 0 native plugins for Editor in 0.00 ms.
Mono: successfully reloaded assembly
- Completed reload, in  0.917 seconds
Platform modules already initialized, skipping
Refreshing native plugins compatible for Editor in 0.65 ms, found 2 plugins.
Preloading 0 native plugins for Editor in 0.00 ms.
Unloading 3719 Unused Serialized files (Serialized files now loaded: 0)
System memory in use before: 141.3 MB.
System memory in use after: 141.5 MB.

Unloading 12 unused Assets to reduce memory usage. Loaded Objects now: 4315.
Total: 2.506000 ms (FindLiveObjects: 0.262000 ms CreateObjectMapping: 0.144300 ms MarkObjects: 2.080800 ms  DeleteObjects: 0.018000 ms)

========================================================================
Received Prepare
Registering precompiled user dll's ...
Registered in 0.003102 seconds.
Begin MonoManager ReloadAssembly
Native extension for WindowsStandalone target not found
Refreshing native plugins compatible for Editor in 0.63 ms, found 2 plugins.
Preloading 0 native plugins for Editor in 0.00 ms.
Mono: successfully reloaded assembly
- Completed reload, in  0.925 seconds
Platform modules already initialized, skipping
Refreshing native plugins compatible for Editor in 0.64 ms, found 2 plugins.
Preloading 0 native plugins for Editor in 0.00 ms.
Unloading 3719 Unused Serialized files (Serialized files now loaded: 0)
System memory in use before: 141.3 MB.
System memory in use after: 141.6 MB.

Unloading 12 unused Assets to reduce memory usage. Loaded Objects now: 4319.
Total: 2.362500 ms (FindLiveObjects: 0.261300 ms CreateObjectMapping: 0.140600 ms MarkObjects: 1.946400 ms  DeleteObjects: 0.013300 ms)

========================================================================
Received Prepare
Registering precompiled user dll's ...
Registered in 0.003079 seconds.
Begin MonoManager ReloadAssembly
Native extension for WindowsStandalone target not found
Refreshing native plugins compatible for Editor in 0.63 ms, found 2 plugins.
Preloading 0 native plugins for Editor in 0.00 ms.
Mono: successfully reloaded assembly
- Completed reload, in  0.904 seconds
Platform modules already initialized, skipping
Refreshing native plugins compatible for Editor in 0.65 ms, found 2 plugins.
Preloading 0 native plugins for Editor in 0.00 ms.
Unloading 3719 Unused Serialized files (Serialized files now loaded: 0)
System memory in use before: 141.4 MB.
System memory in use after: 141.6 MB.

Unloading 12 unused Assets to reduce memory usage. Loaded Objects now: 4323.
Total: 2.377700 ms (FindLiveObjects: 0.258200 ms CreateObjectMapping: 0.131600 ms MarkObjects: 1.971700 ms  DeleteObjects: 0.015400 ms)

========================================================================
Received Prepare
Registering precompiled user dll's ...
Registered in 0.002988 seconds.
Begin MonoManager ReloadAssembly
Native extension for WindowsStandalone target not found
Refreshing native plugins compatible for Editor in 0.65 ms, found 2 plugins.
Preloading 0 native plugins for Editor in 0.00 ms.
Mono: successfully reloaded assembly
- Completed reload, in  0.902 seconds
Platform modules already initialized, skipping
Refreshing native plugins compatible for Editor in 0.65 ms, found 2 plugins.
Preloading 0 native plugins for Editor in 0.00 ms.
Unloading 3719 Unused Serialized files (Serialized files now loaded: 0)
System memory in use before: 141.4 MB.
System memory in use after: 141.6 MB.

Unloading 12 unused Assets to reduce memory usage. Loaded Objects now: 4327.
Total: 2.295900 ms (FindLiveObjects: 0.273900 ms CreateObjectMapping: 0.157000 ms MarkObjects: 1.849200 ms  DeleteObjects: 0.014800 ms)

========================================================================
Received Prepare
Registering precompiled user dll's ...
Registered in 0.003087 seconds.
Begin MonoManager ReloadAssembly
Native extension for WindowsStandalone target not found
Refreshing native plugins compatible for Editor in 0.63 ms, found 2 plugins.
Preloading 0 native plugins for Editor in 0.00 ms.
Mono: successfully reloaded assembly
- Completed reload, in  0.922 seconds
Platform modules already initialized, skipping
Refreshing native plugins compatible for Editor in 0.64 ms, found 2 plugins.
Preloading 0 native plugins for Editor in 0.00 ms.
Unloading 3719 Unused Serialized files (Serialized files now loaded: 0)
System memory in use before: 141.4 MB.
System memory in use after: 141.6 MB.

Unloading 12 unused Assets to reduce memory usage. Loaded Objects now: 4331.
Total: 2.254300 ms (FindLiveObjects: 0.264300 ms CreateObjectMapping: 0.160700 ms MarkObjects: 1.813700 ms  DeleteObjects: 0.014700 ms)

========================================================================
Received Prepare
Registering precompiled user dll's ...
Registered in 0.003185 seconds.
Begin MonoManager ReloadAssembly
Native extension for WindowsStandalone target not found
Refreshing native plugins compatible for Editor in 0.66 ms, found 2 plugins.
Preloading 0 native plugins for Editor in 0.00 ms.
Mono: successfully reloaded assembly
- Completed reload, in  0.955 seconds
Platform modules already initialized, skipping
Refreshing native plugins compatible for Editor in 0.69 ms, found 2 plugins.
Preloading 0 native plugins for Editor in 0.00 ms.
Unloading 3719 Unused Serialized files (Serialized files now loaded: 0)
System memory in use before: 141.4 MB.
System memory in use after: 141.6 MB.

Unloading 12 unused Assets to reduce memory usage. Loaded Objects now: 4335.
Total: 2.382100 ms (FindLiveObjects: 0.276500 ms CreateObjectMapping: 0.163700 ms MarkObjects: 1.924100 ms  DeleteObjects: 0.016900 ms)

========================================================================
Received Prepare
Registering precompiled user dll's ...
Registered in 0.002928 seconds.
Begin MonoManager ReloadAssembly
Native extension for WindowsStandalone target not found
Refreshing native plugins compatible for Editor in 0.66 ms, found 2 plugins.
Preloading 0 native plugins for Editor in 0.00 ms.
Mono: successfully reloaded assembly
- Completed reload, in  0.926 seconds
Platform modules already initialized, skipping
Refreshing native plugins compatible for Editor in 0.62 ms, found 2 plugins.
Preloading 0 native plugins for Editor in 0.00 ms.
Unloading 3719 Unused Serialized files (Serialized files now loaded: 0)
System memory in use before: 141.4 MB.
System memory in use after: 141.6 MB.

Unloading 12 unused Assets to reduce memory usage. Loaded Objects now: 4339.
Total: 2.290700 ms (FindLiveObjects: 0.257600 ms CreateObjectMapping: 0.136600 ms MarkObjects: 1.882500 ms  DeleteObjects: 0.013100 ms)

========================================================================
Received Prepare
Registering precompiled user dll's ...
Registered in 0.003874 seconds.
Begin MonoManager ReloadAssembly
Native extension for WindowsStandalone target not found
Refreshing native plugins compatible for Editor in 0.68 ms, found 2 plugins.
Preloading 0 native plugins for Editor in 0.00 ms.
Mono: successfully reloaded assembly
- Completed reload, in  0.961 seconds
Platform modules already initialized, skipping
Refreshing native plugins compatible for Editor in 0.66 ms, found 2 plugins.
Preloading 0 native plugins for Editor in 0.00 ms.
Unloading 3719 Unused Serialized files (Serialized files now loaded: 0)
System memory in use before: 141.4 MB.
System memory in use after: 141.6 MB.

Unloading 12 unused Assets to reduce memory usage. Loaded Objects now: 4343.
Total: 2.524900 ms (FindLiveObjects: 0.276000 ms CreateObjectMapping: 0.176900 ms MarkObjects: 2.051800 ms  DeleteObjects: 0.019100 ms)

========================================================================
Received Prepare
Registering precompiled user dll's ...
Registered in 0.002972 seconds.
Begin MonoManager ReloadAssembly
Native extension for WindowsStandalone target not found
Refreshing native plugins compatible for Editor in 0.66 ms, found 2 plugins.
Preloading 0 native plugins for Editor in 0.00 ms.
Mono: successfully reloaded assembly
- Completed reload, in  0.905 seconds
Platform modules already initialized, skipping
Refreshing native plugins compatible for Editor in 0.66 ms, found 2 plugins.
Preloading 0 native plugins for Editor in 0.00 ms.
Unloading 3719 Unused Serialized files (Serialized files now loaded: 0)
System memory in use before: 141.4 MB.
System memory in use after: 141.7 MB.

Unloading 12 unused Assets to reduce memory usage. Loaded Objects now: 4347.
Total: 2.467500 ms (FindLiveObjects: 0.268000 ms CreateObjectMapping: 0.128000 ms MarkObjects: 2.055500 ms  DeleteObjects: 0.015200 ms)

========================================================================
Received Prepare
Registering precompiled user dll's ...
Registered in 0.003165 seconds.
Begin MonoManager ReloadAssembly
Native extension for WindowsStandalone target not found
Refreshing native plugins compatible for Editor in 0.69 ms, found 2 plugins.
Preloading 0 native plugins for Editor in 0.00 ms.
Mono: successfully reloaded assembly
- Completed reload, in  0.960 seconds
Platform modules already initialized, skipping
Refreshing native plugins compatible for Editor in 0.70 ms, found 2 plugins.
Preloading 0 native plugins for Editor in 0.00 ms.
Unloading 3719 Unused Serialized files (Serialized files now loaded: 0)
System memory in use before: 141.4 MB.
System memory in use after: 141.7 MB.

Unloading 12 unused Assets to reduce memory usage. Loaded Objects now: 4351.
Total: 2.510700 ms (FindLiveObjects: 0.271300 ms CreateObjectMapping: 0.159600 ms MarkObjects: 2.060700 ms  DeleteObjects: 0.018000 ms)

========================================================================
Received Prepare
Registering precompiled user dll's ...
Registered in 0.003204 seconds.
Begin MonoManager ReloadAssembly
Native extension for WindowsStandalone target not found
Refreshing native plugins compatible for Editor in 0.66 ms, found 2 plugins.
Preloading 0 native plugins for Editor in 0.00 ms.
Mono: successfully reloaded assembly
- Completed reload, in  0.967 seconds
Platform modules already initialized, skipping
Refreshing native plugins compatible for Editor in 1.19 ms, found 2 plugins.
Preloading 0 native plugins for Editor in 0.00 ms.
Unloading 3719 Unused Serialized files (Serialized files now loaded: 0)
System memory in use before: 141.4 MB.
System memory in use after: 141.7 MB.

Unloading 12 unused Assets to reduce memory usage. Loaded Objects now: 4355.
Total: 2.413500 ms (FindLiveObjects: 0.266200 ms CreateObjectMapping: 0.139300 ms MarkObjects: 1.991100 ms  DeleteObjects: 0.016000 ms)

========================================================================
Received Prepare
Registering precompiled user dll's ...
Registered in 0.002955 seconds.
Begin MonoManager ReloadAssembly
Native extension for WindowsStandalone target not found
Refreshing native plugins compatible for Editor in 0.67 ms, found 2 plugins.
Preloading 0 native plugins for Editor in 0.00 ms.
Mono: successfully reloaded assembly
- Completed reload, in  0.953 seconds
Platform modules already initialized, skipping
Refreshing native plugins compatible for Editor in 0.74 ms, found 2 plugins.
Preloading 0 native plugins for Editor in 0.00 ms.
Unloading 3719 Unused Serialized files (Serialized files now loaded: 0)
System memory in use before: 141.4 MB.
System memory in use after: 141.7 MB.

Unloading 12 unused Assets to reduce memory usage. Loaded Objects now: 4359.
Total: 2.584800 ms (FindLiveObjects: 0.283200 ms CreateObjectMapping: 0.171800 ms MarkObjects: 2.112600 ms  DeleteObjects: 0.016200 ms)

========================================================================
Received Prepare
Registering precompiled user dll's ...
Registered in 0.003224 seconds.
Begin MonoManager ReloadAssembly
Native extension for WindowsStandalone target not found
Refreshing native plugins compatible for Editor in 0.75 ms, found 2 plugins.
Preloading 0 native plugins for Editor in 0.00 ms.
Mono: successfully reloaded assembly
- Completed reload, in  0.956 seconds
Platform modules already initialized, skipping
Refreshing native plugins compatible for Editor in 0.69 ms, found 2 plugins.
Preloading 0 native plugins for Editor in 0.00 ms.
Unloading 3719 Unused Serialized files (Serialized files now loaded: 0)
System memory in use before: 141.4 MB.
System memory in use after: 141.7 MB.

Unloading 12 unused Assets to reduce memory usage. Loaded Objects now: 4363.
Total: 2.643800 ms (FindLiveObjects: 0.292300 ms CreateObjectMapping: 0.161600 ms MarkObjects: 2.170500 ms  DeleteObjects: 0.018300 ms)

========================================================================
Received Prepare
Registering precompiled user dll's ...
Registered in 0.003096 seconds.
Begin MonoManager ReloadAssembly
Native extension for WindowsStandalone target not found
Refreshing native plugins compatible for Editor in 0.67 ms, found 2 plugins.
Preloading 0 native plugins for Editor in 0.00 ms.
Mono: successfully reloaded assembly
- Completed reload, in  0.919 seconds
Platform modules already initialized, skipping
Refreshing native plugins compatible for Editor in 0.67 ms, found 2 plugins.
Preloading 0 native plugins for Editor in 0.00 ms.
Unloading 3719 Unused Serialized files (Serialized files now loaded: 0)
System memory in use before: 141.4 MB.
System memory in use after: 141.7 MB.

Unloading 12 unused Assets to reduce memory usage. Loaded Objects now: 4367.
Total: 2.456100 ms (FindLiveObjects: 0.275500 ms CreateObjectMapping: 0.155800 ms MarkObjects: 2.010300 ms  DeleteObjects: 0.013500 ms)

========================================================================
Received Prepare
Registering precompiled user dll's ...
Registered in 0.002916 seconds.
Begin MonoManager ReloadAssembly
Native extension for WindowsStandalone target not found
Refreshing native plugins compatible for Editor in 0.64 ms, found 2 plugins.
Preloading 0 native plugins for Editor in 0.00 ms.
Mono: successfully reloaded assembly
- Completed reload, in  0.886 seconds
Platform modules already initialized, skipping
Refreshing native plugins compatible for Editor in 0.68 ms, found 2 plugins.
Preloading 0 native plugins for Editor in 0.00 ms.
Unloading 3719 Unused Serialized files (Serialized files now loaded: 0)
System memory in use before: 141.5 MB.
System memory in use after: 141.7 MB.

Unloading 12 unused Assets to reduce memory usage. Loaded Objects now: 4371.
Total: 2.355200 ms (FindLiveObjects: 0.275000 ms CreateObjectMapping: 0.148800 ms MarkObjects: 1.915700 ms  DeleteObjects: 0.014800 ms)

========================================================================
Received Prepare
Registering precompiled user dll's ...
Registered in 0.002939 seconds.
Begin MonoManager ReloadAssembly
Native extension for WindowsStandalone target not found
Refreshing native plugins compatible for Editor in 0.64 ms, found 2 plugins.
Preloading 0 native plugins for Editor in 0.00 ms.
Mono: successfully reloaded assembly
- Completed reload, in  0.896 seconds
Platform modules already initialized, skipping
Refreshing native plugins compatible for Editor in 0.65 ms, found 2 plugins.
Preloading 0 native plugins for Editor in 0.00 ms.
Unloading 3719 Unused Serialized files (Serialized files now loaded: 0)
System memory in use before: 141.5 MB.
System memory in use after: 141.7 MB.

Unloading 12 unused Assets to reduce memory usage. Loaded Objects now: 4375.
Total: 2.436000 ms (FindLiveObjects: 0.256400 ms CreateObjectMapping: 0.136400 ms MarkObjects: 2.029900 ms  DeleteObjects: 0.012500 ms)

========================================================================
Received Prepare
Registering precompiled user dll's ...
Registered in 0.002972 seconds.
Begin MonoManager ReloadAssembly
Native extension for WindowsStandalone target not found
Refreshing native plugins compatible for Editor in 0.66 ms, found 2 plugins.
Preloading 0 native plugins for Editor in 0.00 ms.
Mono: successfully reloaded assembly
- Completed reload, in  0.891 seconds
Platform modules already initialized, skipping
Refreshing native plugins compatible for Editor in 0.65 ms, found 2 plugins.
Preloading 0 native plugins for Editor in 0.00 ms.
Unloading 3719 Unused Serialized files (Serialized files now loaded: 0)
System memory in use before: 141.5 MB.
System memory in use after: 141.7 MB.

Unloading 12 unused Assets to reduce memory usage. Loaded Objects now: 4379.
Total: 2.564500 ms (FindLiveObjects: 0.282300 ms CreateObjectMapping: 0.166600 ms MarkObjects: 2.096500 ms  DeleteObjects: 0.017900 ms)

========================================================================
Received Prepare
Registering precompiled user dll's ...
Registered in 0.002962 seconds.
Begin MonoManager ReloadAssembly
Native extension for WindowsStandalone target not found
Refreshing native plugins compatible for Editor in 0.67 ms, found 2 plugins.
Preloading 0 native plugins for Editor in 0.00 ms.
Mono: successfully reloaded assembly
- Completed reload, in  0.965 seconds
Platform modules already initialized, skipping
Refreshing native plugins compatible for Editor in 0.65 ms, found 2 plugins.
Preloading 0 native plugins for Editor in 0.00 ms.
Unloading 3719 Unused Serialized files (Serialized files now loaded: 0)
System memory in use before: 141.5 MB.
System memory in use after: 141.7 MB.

Unloading 12 unused Assets to reduce memory usage. Loaded Objects now: 4383.
Total: 3.844100 ms (FindLiveObjects: 0.304500 ms CreateObjectMapping: 0.193000 ms MarkObjects: 3.324900 ms  DeleteObjects: 0.020600 ms)

========================================================================
Received Prepare
Registering precompiled user dll's ...
Registered in 0.003030 seconds.
Begin MonoManager ReloadAssembly
Native extension for WindowsStandalone target not found
Refreshing native plugins compatible for Editor in 0.67 ms, found 2 plugins.
Preloading 0 native plugins for Editor in 0.00 ms.
Mono: successfully reloaded assembly
- Completed reload, in  0.927 seconds
Platform modules already initialized, skipping
Refreshing native plugins compatible for Editor in 0.66 ms, found 2 plugins.
Preloading 0 native plugins for Editor in 0.00 ms.
Unloading 3719 Unused Serialized files (Serialized files now loaded: 0)
System memory in use before: 141.5 MB.
System memory in use after: 141.7 MB.

Unloading 12 unused Assets to reduce memory usage. Loaded Objects now: 4387.
Total: 2.763500 ms (FindLiveObjects: 0.309900 ms CreateObjectMapping: 0.212100 ms MarkObjects: 2.224900 ms  DeleteObjects: 0.015700 ms)

========================================================================
Received Prepare
Registering precompiled user dll's ...
Registered in 0.003110 seconds.
Begin MonoManager ReloadAssembly
Native extension for WindowsStandalone target not found
Refreshing native plugins compatible for Editor in 0.67 ms, found 2 plugins.
Preloading 0 native plugins for Editor in 0.00 ms.
Mono: successfully reloaded assembly
- Completed reload, in  0.926 seconds
Platform modules already initialized, skipping
Refreshing native plugins compatible for Editor in 0.82 ms, found 2 plugins.
Preloading 0 native plugins for Editor in 0.00 ms.
Unloading 3719 Unused Serialized files (Serialized files now loaded: 0)
System memory in use before: 141.5 MB.
System memory in use after: 141.8 MB.

Unloading 12 unused Assets to reduce memory usage. Loaded Objects now: 4391.
Total: 3.416700 ms (FindLiveObjects: 0.303700 ms CreateObjectMapping: 0.225600 ms MarkObjects: 2.861800 ms  DeleteObjects: 0.024400 ms)

========================================================================
Received Import Request.
  Time since last request: 3861.412602 seconds.
  path: Assets/Scripts/EnemyScripts/EnemyBehavior.cs
  artifactKey: Guid(9206445b286924d44a198dfe9a41fdbe) Importer(815301076,1909f56bfc062723c751e8b465ee728b)
Start importing Assets/Scripts/EnemyScripts/EnemyBehavior.cs using Guid(9206445b286924d44a198dfe9a41fdbe) Importer(815301076,1909f56bfc062723c751e8b465ee728b)  -> (artifact id: '7db315ff3ac07106aefbdcbba07f9340') in 0.009739 seconds 
========================================================================
Received Prepare
Registering precompiled user dll's ...
Registered in 0.003129 seconds.
Begin MonoManager ReloadAssembly
Native extension for WindowsStandalone target not found
Refreshing native plugins compatible for Editor in 0.70 ms, found 2 plugins.
Preloading 0 native plugins for Editor in 0.00 ms.
Mono: successfully reloaded assembly
- Completed reload, in  0.961 seconds
Platform modules already initialized, skipping
Refreshing native plugins compatible for Editor in 0.65 ms, found 2 plugins.
Preloading 0 native plugins for Editor in 0.00 ms.
Unloading 3719 Unused Serialized files (Serialized files now loaded: 0)
System memory in use before: 141.5 MB.
System memory in use after: 141.8 MB.

Unloading 12 unused Assets to reduce memory usage. Loaded Objects now: 4395.
Total: 2.516800 ms (FindLiveObjects: 0.302900 ms CreateObjectMapping: 0.189700 ms MarkObjects: 2.006200 ms  DeleteObjects: 0.017000 ms)

========================================================================
Received Import Request.
  Time since last request: 481.559266 seconds.
  path: Assets/Scripts/PlayerScripts/GamePlayer.cs
  artifactKey: Guid(052141ac75b62a147badf4d6c5c6a8db) Importer(815301076,1909f56bfc062723c751e8b465ee728b)
Start importing Assets/Scripts/PlayerScripts/GamePlayer.cs using Guid(052141ac75b62a147badf4d6c5c6a8db) Importer(815301076,1909f56bfc062723c751e8b465ee728b)  -> (artifact id: 'da54d3949654d42ac7cefcd93f1edda3') in 0.009379 seconds 
========================================================================
Received Prepare
Registering precompiled user dll's ...
Registered in 0.003066 seconds.
Begin MonoManager ReloadAssembly
Native extension for WindowsStandalone target not found
Refreshing native plugins compatible for Editor in 0.66 ms, found 2 plugins.
Preloading 0 native plugins for Editor in 0.00 ms.
Mono: successfully reloaded assembly
- Completed reload, in  0.934 seconds
Platform modules already initialized, skipping
Refreshing native plugins compatible for Editor in 0.65 ms, found 2 plugins.
Preloading 0 native plugins for Editor in 0.00 ms.
Unloading 3719 Unused Serialized files (Serialized files now loaded: 0)
System memory in use before: 141.5 MB.
System memory in use after: 141.8 MB.

Unloading 12 unused Assets to reduce memory usage. Loaded Objects now: 4399.
Total: 2.577500 ms (FindLiveObjects: 0.279100 ms CreateObjectMapping: 0.179800 ms MarkObjects: 2.101500 ms  DeleteObjects: 0.015700 ms)

========================================================================
Received Prepare
Registering precompiled user dll's ...
Registered in 0.003241 seconds.
Begin MonoManager ReloadAssembly
Native extension for WindowsStandalone target not found
Refreshing native plugins compatible for Editor in 0.73 ms, found 2 plugins.
Preloading 0 native plugins for Editor in 0.00 ms.
Mono: successfully reloaded assembly
- Completed reload, in  0.950 seconds
Platform modules already initialized, skipping
Refreshing native plugins compatible for Editor in 0.71 ms, found 2 plugins.
Preloading 0 native plugins for Editor in 0.00 ms.
Unloading 3719 Unused Serialized files (Serialized files now loaded: 0)
System memory in use before: 141.5 MB.
System memory in use after: 141.8 MB.

Unloading 12 unused Assets to reduce memory usage. Loaded Objects now: 4403.
Total: 2.651800 ms (FindLiveObjects: 0.319400 ms CreateObjectMapping: 0.204200 ms MarkObjects: 2.113000 ms  DeleteObjects: 0.014100 ms)

========================================================================
Received Prepare
Registering precompiled user dll's ...
Registered in 0.002962 seconds.
Begin MonoManager ReloadAssembly
Native extension for WindowsStandalone target not found
Refreshing native plugins compatible for Editor in 0.69 ms, found 2 plugins.
Preloading 0 native plugins for Editor in 0.00 ms.
Mono: successfully reloaded assembly
- Completed reload, in  0.923 seconds
Platform modules already initialized, skipping
Refreshing native plugins compatible for Editor in 0.64 ms, found 2 plugins.
Preloading 0 native plugins for Editor in 0.00 ms.
Unloading 3719 Unused Serialized files (Serialized files now loaded: 0)
System memory in use before: 141.5 MB.
System memory in use after: 141.8 MB.

Unloading 12 unused Assets to reduce memory usage. Loaded Objects now: 4407.
Total: 2.451700 ms (FindLiveObjects: 0.298800 ms CreateObjectMapping: 0.168000 ms MarkObjects: 1.966000 ms  DeleteObjects: 0.017800 ms)

========================================================================
Received Prepare
Registering precompiled user dll's ...
Registered in 0.003091 seconds.
Begin MonoManager ReloadAssembly
Native extension for WindowsStandalone target not found
Refreshing native plugins compatible for Editor in 0.63 ms, found 2 plugins.
Preloading 0 native plugins for Editor in 0.00 ms.
Mono: successfully reloaded assembly
- Completed reload, in  0.917 seconds
Platform modules already initialized, skipping
Refreshing native plugins compatible for Editor in 0.64 ms, found 2 plugins.
Preloading 0 native plugins for Editor in 0.00 ms.
Unloading 3719 Unused Serialized files (Serialized files now loaded: 0)
System memory in use before: 141.5 MB.
System memory in use after: 141.8 MB.

Unloading 12 unused Assets to reduce memory usage. Loaded Objects now: 4411.
Total: 2.461100 ms (FindLiveObjects: 0.285300 ms CreateObjectMapping: 0.161900 ms MarkObjects: 1.997000 ms  DeleteObjects: 0.015800 ms)

========================================================================
Received Prepare
Registering precompiled user dll's ...
Registered in 0.002979 seconds.
Begin MonoManager ReloadAssembly
Native extension for WindowsStandalone target not found
Refreshing native plugins compatible for Editor in 0.64 ms, found 2 plugins.
Preloading 0 native plugins for Editor in 0.00 ms.
Mono: successfully reloaded assembly
- Completed reload, in  0.955 seconds
Platform modules already initialized, skipping
Refreshing native plugins compatible for Editor in 0.65 ms, found 2 plugins.
Preloading 0 native plugins for Editor in 0.00 ms.
Unloading 3719 Unused Serialized files (Serialized files now loaded: 0)
System memory in use before: 141.5 MB.
System memory in use after: 141.8 MB.

Unloading 12 unused Assets to reduce memory usage. Loaded Objects now: 4415.
Total: 2.651100 ms (FindLiveObjects: 0.285900 ms CreateObjectMapping: 0.177900 ms MarkObjects: 2.168800 ms  DeleteObjects: 0.017500 ms)

========================================================================
Received Prepare
Registering precompiled user dll's ...
Registered in 0.003460 seconds.
Begin MonoManager ReloadAssembly
Native extension for WindowsStandalone target not found
Refreshing native plugins compatible for Editor in 0.65 ms, found 2 plugins.
Preloading 0 native plugins for Editor in 0.00 ms.
Mono: successfully reloaded assembly
- Completed reload, in  0.906 seconds
Platform modules already initialized, skipping
Refreshing native plugins compatible for Editor in 0.63 ms, found 2 plugins.
Preloading 0 native plugins for Editor in 0.00 ms.
Unloading 3719 Unused Serialized files (Serialized files now loaded: 0)
System memory in use before: 141.6 MB.
System memory in use after: 141.8 MB.

Unloading 12 unused Assets to reduce memory usage. Loaded Objects now: 4419.
Total: 2.392300 ms (FindLiveObjects: 0.259100 ms CreateObjectMapping: 0.149000 ms MarkObjects: 1.968600 ms  DeleteObjects: 0.014800 ms)

========================================================================
Received Import Request.
  Time since last request: 156.342282 seconds.
  path: Assets/resources/Prefabs/Weapons/Weapon.prefab
  artifactKey: Guid(bdf334b75e777d5448ef4105724cf043) Importer(815301076,1909f56bfc062723c751e8b465ee728b)
Start importing Assets/resources/Prefabs/Weapons/Weapon.prefab using Guid(bdf334b75e777d5448ef4105724cf043) Importer(815301076,1909f56bfc062723c751e8b465ee728b)  -> (artifact id: '05885acd16eb15389e719baed1355071') in 0.080888 seconds 
========================================================================
Received Import Request.
  Time since last request: 11.252442 seconds.
  path: Assets/resources/Prefabs/Weapons/Weapon.prefab
  artifactKey: Guid(bdf334b75e777d5448ef4105724cf043) Importer(815301076,1909f56bfc062723c751e8b465ee728b)
Start importing Assets/resources/Prefabs/Weapons/Weapon.prefab using Guid(bdf334b75e777d5448ef4105724cf043) Importer(815301076,1909f56bfc062723c751e8b465ee728b)  -> (artifact id: '1a1a798b81ce9e7c4905c6462ed01539') in 0.008579 seconds 
========================================================================
Received Import Request.
  Time since last request: 32.481594 seconds.
  path: Assets/Scripts/WeaponScripts/BurstWeapon.cs
  artifactKey: Guid(338a8b261aa89174ebbe9214b13f3787) Importer(815301076,1909f56bfc062723c751e8b465ee728b)
Start importing Assets/Scripts/WeaponScripts/BurstWeapon.cs using Guid(338a8b261aa89174ebbe9214b13f3787) Importer(815301076,1909f56bfc062723c751e8b465ee728b)  -> (artifact id: '6f9703fbc1df140326de4facbc8d5dd4') in 0.001988 seconds 
========================================================================
Received Import Request.
  Time since last request: 1.801351 seconds.
  path: Assets/Scripts/WeaponScripts/AutomaticWeapon.cs
  artifactKey: Guid(7f6757b9cf6c1594491c0b5cd0c279e6) Importer(815301076,1909f56bfc062723c751e8b465ee728b)
Start importing Assets/Scripts/WeaponScripts/AutomaticWeapon.cs using Guid(7f6757b9cf6c1594491c0b5cd0c279e6) Importer(815301076,1909f56bfc062723c751e8b465ee728b)  -> (artifact id: '0ac7baecd9d04d48f3ac69089f62f113') in 0.005194 seconds 
========================================================================
Received Prepare
Registering precompiled user dll's ...
Registered in 0.003115 seconds.
Begin MonoManager ReloadAssembly
Native extension for WindowsStandalone target not found
Refreshing native plugins compatible for Editor in 0.70 ms, found 2 plugins.
Preloading 0 native plugins for Editor in 0.00 ms.
Mono: successfully reloaded assembly
- Completed reload, in  0.896 seconds
Platform modules already initialized, skipping
Refreshing native plugins compatible for Editor in 0.65 ms, found 2 plugins.
Preloading 0 native plugins for Editor in 0.00 ms.
Unloading 3719 Unused Serialized files (Serialized files now loaded: 0)
System memory in use before: 145.7 MB.
System memory in use after: 146.0 MB.

Unloading 12 unused Assets to reduce memory usage. Loaded Objects now: 4430.
Total: 2.524300 ms (FindLiveObjects: 0.298000 ms CreateObjectMapping: 0.168600 ms MarkObjects: 2.041400 ms  DeleteObjects: 0.015400 ms)

========================================================================
Received Import Request.
  Time since last request: 94.991248 seconds.
  path: Assets/resources/Prefabs/Weapons/AR.prefab
  artifactKey: Guid(1f6f9a9c187ed66409ae09688cb57539) Importer(815301076,1909f56bfc062723c751e8b465ee728b)
Start importing Assets/resources/Prefabs/Weapons/AR.prefab using Guid(1f6f9a9c187ed66409ae09688cb57539) Importer(815301076,1909f56bfc062723c751e8b465ee728b)  -> (artifact id: '89d2ed33d39f88cb5e1721bab0d90a0f') in 0.053711 seconds 
========================================================================
Received Import Request.
  Time since last request: 16.621757 seconds.
  path: Assets/resources/Prefabs/Weapons/AR.prefab
  artifactKey: Guid(1f6f9a9c187ed66409ae09688cb57539) Importer(815301076,1909f56bfc062723c751e8b465ee728b)
Start importing Assets/resources/Prefabs/Weapons/AR.prefab using Guid(1f6f9a9c187ed66409ae09688cb57539) Importer(815301076,1909f56bfc062723c751e8b465ee728b)  -> (artifact id: 'b0cd511c48ff716d0e0ed9de563cd4a9') in 0.019899 seconds 
========================================================================
Received Import Request.
  Time since last request: 13.365898 seconds.
  path: Assets/resources/Prefabs/Weapons/AR.prefab
  artifactKey: Guid(1f6f9a9c187ed66409ae09688cb57539) Importer(815301076,1909f56bfc062723c751e8b465ee728b)
Start importing Assets/resources/Prefabs/Weapons/AR.prefab using Guid(1f6f9a9c187ed66409ae09688cb57539) Importer(815301076,1909f56bfc062723c751e8b465ee728b)  -> (artifact id: '8b05a0d6638e52fb0bdcfad2b63449b9') in 0.008399 seconds 
========================================================================
Received Import Request.
  Time since last request: 82.580894 seconds.
  path: Assets/resources/Prefabs/Weapons/AR.prefab
  artifactKey: Guid(1f6f9a9c187ed66409ae09688cb57539) Importer(815301076,1909f56bfc062723c751e8b465ee728b)
Start importing Assets/resources/Prefabs/Weapons/AR.prefab using Guid(1f6f9a9c187ed66409ae09688cb57539) Importer(815301076,1909f56bfc062723c751e8b465ee728b)  -> (artifact id: '050f39451cf7319f56ebfdc2ba1552cd') in 0.014347 seconds 
========================================================================
Received Import Request.
  Time since last request: 7.763938 seconds.
  path: Assets/resources/Prefabs/Weapons/AR.prefab
  artifactKey: Guid(1f6f9a9c187ed66409ae09688cb57539) Importer(815301076,1909f56bfc062723c751e8b465ee728b)
Start importing Assets/resources/Prefabs/Weapons/AR.prefab using Guid(1f6f9a9c187ed66409ae09688cb57539) Importer(815301076,1909f56bfc062723c751e8b465ee728b)  -> (artifact id: '73ee4a4666877f837a34941fa91a7c57') in 0.149198 seconds 
========================================================================
Received Prepare
Registering precompiled user dll's ...
Registered in 0.003022 seconds.
Begin MonoManager ReloadAssembly
Native extension for WindowsStandalone target not found
Refreshing native plugins compatible for Editor in 0.64 ms, found 2 plugins.
Preloading 0 native plugins for Editor in 0.00 ms.
Mono: successfully reloaded assembly
- Completed reload, in  0.889 seconds
Platform modules already initialized, skipping
Refreshing native plugins compatible for Editor in 0.63 ms, found 2 plugins.
Preloading 0 native plugins for Editor in 0.00 ms.
Unloading 3719 Unused Serialized files (Serialized files now loaded: 0)
System memory in use before: 145.7 MB.
System memory in use after: 146.0 MB.

Unloading 12 unused Assets to reduce memory usage. Loaded Objects now: 4435.
Total: 2.373900 ms (FindLiveObjects: 0.261900 ms CreateObjectMapping: 0.133700 ms MarkObjects: 1.965100 ms  DeleteObjects: 0.012400 ms)

========================================================================
Received Import Request.
  Time since last request: 177.579524 seconds.
  path: Assets/resources/Prefabs/Weapons/AR.prefab
  artifactKey: Guid(1f6f9a9c187ed66409ae09688cb57539) Importer(815301076,1909f56bfc062723c751e8b465ee728b)
Start importing Assets/resources/Prefabs/Weapons/AR.prefab using Guid(1f6f9a9c187ed66409ae09688cb57539) Importer(815301076,1909f56bfc062723c751e8b465ee728b)  -> (artifact id: '13c02474ab4b9b16a926bc25be72dcb7') in 0.046987 seconds 
========================================================================
Received Import Request.
  Time since last request: 118.787297 seconds.
  path: Assets/resources/Prefabs/Player/Player.prefab
  artifactKey: Guid(c7bb53c9384341045b873455e55f5f8a) Importer(815301076,1909f56bfc062723c751e8b465ee728b)
Start importing Assets/resources/Prefabs/Player/Player.prefab using Guid(c7bb53c9384341045b873455e55f5f8a) Importer(815301076,1909f56bfc062723c751e8b465ee728b)  -> (artifact id: '69e5908a1e7b49c4c2710785513cc4d8') in 0.039866 seconds 
========================================================================
Received Import Request.
  Time since last request: 35.825525 seconds.
  path: Assets/resources/Prefabs/Player/Player - Copy.prefab
  artifactKey: Guid(8f3d6f3794e51ec48a620df9d11ac5c0) Importer(815301076,1909f56bfc062723c751e8b465ee728b)
Start importing Assets/resources/Prefabs/Player/Player - Copy.prefab using Guid(8f3d6f3794e51ec48a620df9d11ac5c0) Importer(815301076,1909f56bfc062723c751e8b465ee728b)  -> (artifact id: '3a04173001af8370519f4f9af812a568') in 0.032175 seconds 
========================================================================
Received Import Request.
  Time since last request: 5.232093 seconds.
  path: Assets/resources/Prefabs/Player/PlayerTest.prefab
  artifactKey: Guid(8f3d6f3794e51ec48a620df9d11ac5c0) Importer(815301076,1909f56bfc062723c751e8b465ee728b)
Start importing Assets/resources/Prefabs/Player/PlayerTest.prefab using Guid(8f3d6f3794e51ec48a620df9d11ac5c0) Importer(815301076,1909f56bfc062723c751e8b465ee728b)  -> (artifact id: 'b06b3d312d926a2056be3bf9b2493214') in 0.016317 seconds 
========================================================================
Received Import Request.
  Time since last request: 23.932751 seconds.
  path: Assets/resources/Prefabs/Weapons/AR.prefab
  artifactKey: Guid(1f6f9a9c187ed66409ae09688cb57539) Importer(815301076,1909f56bfc062723c751e8b465ee728b)
Start importing Assets/resources/Prefabs/Weapons/AR.prefab using Guid(1f6f9a9c187ed66409ae09688cb57539) Importer(815301076,1909f56bfc062723c751e8b465ee728b)  -> (artifact id: '246e5297d4268e86e1aff47cdad70c6b') in 0.022191 seconds 
========================================================================
Received Prepare
Registering precompiled user dll's ...
Registered in 0.003007 seconds.
Begin MonoManager ReloadAssembly
Native extension for WindowsStandalone target not found
Refreshing native plugins compatible for Editor in 0.65 ms, found 2 plugins.
Preloading 0 native plugins for Editor in 0.00 ms.
Mono: successfully reloaded assembly
- Completed reload, in  0.903 seconds
Platform modules already initialized, skipping
Refreshing native plugins compatible for Editor in 0.64 ms, found 2 plugins.
Preloading 0 native plugins for Editor in 0.00 ms.
Unloading 3719 Unused Serialized files (Serialized files now loaded: 0)
System memory in use before: 145.8 MB.
System memory in use after: 146.1 MB.

Unloading 13 unused Assets to reduce memory usage. Loaded Objects now: 4440.
Total: 2.364000 ms (FindLiveObjects: 0.274600 ms CreateObjectMapping: 0.162000 ms MarkObjects: 1.913900 ms  DeleteObjects: 0.012600 ms)

========================================================================
Received Prepare
Registering precompiled user dll's ...
Registered in 0.003005 seconds.
Begin MonoManager ReloadAssembly
Native extension for WindowsStandalone target not found
Refreshing native plugins compatible for Editor in 0.71 ms, found 2 plugins.
Preloading 0 native plugins for Editor in 0.00 ms.
Mono: successfully reloaded assembly
- Completed reload, in  0.963 seconds
Platform modules already initialized, skipping
Refreshing native plugins compatible for Editor in 0.63 ms, found 2 plugins.
Preloading 0 native plugins for Editor in 0.00 ms.
Unloading 3719 Unused Serialized files (Serialized files now loaded: 0)
System memory in use before: 145.8 MB.
System memory in use after: 146.1 MB.

Unloading 12 unused Assets to reduce memory usage. Loaded Objects now: 4444.
Total: 2.490600 ms (FindLiveObjects: 0.290600 ms CreateObjectMapping: 0.158700 ms MarkObjects: 2.025700 ms  DeleteObjects: 0.014400 ms)

========================================================================
Received Prepare
Registering precompiled user dll's ...
Registered in 0.002993 seconds.
Begin MonoManager ReloadAssembly
Native extension for WindowsStandalone target not found
Refreshing native plugins compatible for Editor in 0.65 ms, found 2 plugins.
Preloading 0 native plugins for Editor in 0.00 ms.
Mono: successfully reloaded assembly
- Completed reload, in  0.905 seconds
Platform modules already initialized, skipping
Refreshing native plugins compatible for Editor in 0.72 ms, found 2 plugins.
Preloading 0 native plugins for Editor in 0.00 ms.
Unloading 3719 Unused Serialized files (Serialized files now loaded: 0)
System memory in use before: 145.8 MB.
System memory in use after: 146.1 MB.

Unloading 12 unused Assets to reduce memory usage. Loaded Objects now: 4448.
Total: 2.333600 ms (FindLiveObjects: 0.264300 ms CreateObjectMapping: 0.143900 ms MarkObjects: 1.911800 ms  DeleteObjects: 0.012600 ms)

========================================================================
Received Import Request.
  Time since last request: 72.465784 seconds.
  path: Assets/Scripts/PlayerScripts/PlayerController.cs
  artifactKey: Guid(84f0bceb91838ec4ea63e6515fb7e46a) Importer(815301076,1909f56bfc062723c751e8b465ee728b)
Start importing Assets/Scripts/PlayerScripts/PlayerController.cs using Guid(84f0bceb91838ec4ea63e6515fb7e46a) Importer(815301076,1909f56bfc062723c751e8b465ee728b)  -> (artifact id: 'aefd7f047d27d75db10e5453133dfcce') in 0.010857 seconds 
========================================================================
Received Import Request.
  Time since last request: 34.475256 seconds.
  path: Assets/resources/Prefabs/Player/PlayerTest.prefab
  artifactKey: Guid(8f3d6f3794e51ec48a620df9d11ac5c0) Importer(815301076,1909f56bfc062723c751e8b465ee728b)
Start importing Assets/resources/Prefabs/Player/PlayerTest.prefab using Guid(8f3d6f3794e51ec48a620df9d11ac5c0) Importer(815301076,1909f56bfc062723c751e8b465ee728b)  -> (artifact id: '5e738f7923e67734b54845c07f70f818') in 0.068037 seconds 
========================================================================
Received Import Request.
  Time since last request: 7.046783 seconds.
  path: Assets/resources/Prefabs/Player/PlayerTest.prefab
  artifactKey: Guid(8f3d6f3794e51ec48a620df9d11ac5c0) Importer(815301076,1909f56bfc062723c751e8b465ee728b)
Start importing Assets/resources/Prefabs/Player/PlayerTest.prefab using Guid(8f3d6f3794e51ec48a620df9d11ac5c0) Importer(815301076,1909f56bfc062723c751e8b465ee728b)  -> (artifact id: 'df85c0cb52d66029c56582129d470545') in 0.018550 seconds 
========================================================================
Received Import Request.
  Time since last request: 1.358937 seconds.
  path: Assets/resources/Prefabs/Player/PlayerTest.prefab
  artifactKey: Guid(8f3d6f3794e51ec48a620df9d11ac5c0) Importer(815301076,1909f56bfc062723c751e8b465ee728b)
Start importing Assets/resources/Prefabs/Player/PlayerTest.prefab using Guid(8f3d6f3794e51ec48a620df9d11ac5c0) Importer(815301076,1909f56bfc062723c751e8b465ee728b)  -> (artifact id: '6caa146ba5dbc6db6b7a2deb16f26b51') in 0.017330 seconds 
========================================================================
Received Import Request.
  Time since last request: 1.213677 seconds.
  path: Assets/resources/Prefabs/Player/PlayerTest.prefab
  artifactKey: Guid(8f3d6f3794e51ec48a620df9d11ac5c0) Importer(815301076,1909f56bfc062723c751e8b465ee728b)
Start importing Assets/resources/Prefabs/Player/PlayerTest.prefab using Guid(8f3d6f3794e51ec48a620df9d11ac5c0) Importer(815301076,1909f56bfc062723c751e8b465ee728b)  -> (artifact id: 'ff9a1ecfff5ba6d764b98b94409a09bb') in 0.020276 seconds 
========================================================================
Received Import Request.
  Time since last request: 4.824836 seconds.
  path: Assets/resources/Prefabs/Player/PlayerTest.prefab
  artifactKey: Guid(8f3d6f3794e51ec48a620df9d11ac5c0) Importer(815301076,1909f56bfc062723c751e8b465ee728b)
Start importing Assets/resources/Prefabs/Player/PlayerTest.prefab using Guid(8f3d6f3794e51ec48a620df9d11ac5c0) Importer(815301076,1909f56bfc062723c751e8b465ee728b)  -> (artifact id: 'f00f5d65577fbe2e351b9c8c245d802b') in 0.014733 seconds 
========================================================================
Received Import Request.
  Time since last request: 1.183252 seconds.
  path: Assets/resources/Prefabs/Player/PlayerTest.prefab
  artifactKey: Guid(8f3d6f3794e51ec48a620df9d11ac5c0) Importer(815301076,1909f56bfc062723c751e8b465ee728b)
Start importing Assets/resources/Prefabs/Player/PlayerTest.prefab using Guid(8f3d6f3794e51ec48a620df9d11ac5c0) Importer(815301076,1909f56bfc062723c751e8b465ee728b)  -> (artifact id: 'bcf9babc13fa217aeccc69d46bd67666') in 0.016962 seconds 
========================================================================
Received Import Request.
  Time since last request: 3.217903 seconds.
  path: Assets/resources/Prefabs/Player/PlayerTest.prefab
  artifactKey: Guid(8f3d6f3794e51ec48a620df9d11ac5c0) Importer(815301076,1909f56bfc062723c751e8b465ee728b)
Start importing Assets/resources/Prefabs/Player/PlayerTest.prefab using Guid(8f3d6f3794e51ec48a620df9d11ac5c0) Importer(815301076,1909f56bfc062723c751e8b465ee728b)  -> (artifact id: 'ebd6d0a9a9ae0b4d5e8fc19b67f5bd05') in 0.061219 seconds 
========================================================================
Received Import Request.
  Time since last request: 2.448625 seconds.
  path: Assets/resources/Prefabs/Player/PlayerTest.prefab
  artifactKey: Guid(8f3d6f3794e51ec48a620df9d11ac5c0) Importer(815301076,1909f56bfc062723c751e8b465ee728b)
Start importing Assets/resources/Prefabs/Player/PlayerTest.prefab using Guid(8f3d6f3794e51ec48a620df9d11ac5c0) Importer(815301076,1909f56bfc062723c751e8b465ee728b)  -> (artifact id: '1c695fab38adc3031fce8bcabecea891') in 0.028173 seconds 
========================================================================
Received Prepare
Registering precompiled user dll's ...
Registered in 0.003009 seconds.
Begin MonoManager ReloadAssembly
Native extension for WindowsStandalone target not found
Refreshing native plugins compatible for Editor in 0.64 ms, found 2 plugins.
Preloading 0 native plugins for Editor in 0.00 ms.
Mono: successfully reloaded assembly
- Completed reload, in  0.907 seconds
Platform modules already initialized, skipping
Refreshing native plugins compatible for Editor in 0.67 ms, found 2 plugins.
Preloading 0 native plugins for Editor in 0.00 ms.
Unloading 3719 Unused Serialized files (Serialized files now loaded: 0)
System memory in use before: 145.9 MB.
System memory in use after: 146.2 MB.

Unloading 13 unused Assets to reduce memory usage. Loaded Objects now: 4453.
Total: 2.649900 ms (FindLiveObjects: 0.291700 ms CreateObjectMapping: 0.167400 ms MarkObjects: 2.174700 ms  DeleteObjects: 0.015200 ms)

========================================================================
Received Prepare
Registering precompiled user dll's ...
Registered in 0.003019 seconds.
Begin MonoManager ReloadAssembly
Native extension for WindowsStandalone target not found
Refreshing native plugins compatible for Editor in 0.68 ms, found 2 plugins.
Preloading 0 native plugins for Editor in 0.00 ms.
Mono: successfully reloaded assembly
- Completed reload, in  0.956 seconds
Platform modules already initialized, skipping
Refreshing native plugins compatible for Editor in 0.64 ms, found 2 plugins.
Preloading 0 native plugins for Editor in 0.00 ms.
Unloading 3719 Unused Serialized files (Serialized files now loaded: 0)
System memory in use before: 145.9 MB.
System memory in use after: 146.2 MB.

Unloading 12 unused Assets to reduce memory usage. Loaded Objects now: 4457.
Total: 2.402600 ms (FindLiveObjects: 0.270700 ms CreateObjectMapping: 0.152200 ms MarkObjects: 1.966600 ms  DeleteObjects: 0.012400 ms)

========================================================================
Received Prepare
Registering precompiled user dll's ...
Registered in 0.003381 seconds.
Begin MonoManager ReloadAssembly
Native extension for WindowsStandalone target not found
Refreshing native plugins compatible for Editor in 0.67 ms, found 2 plugins.
Preloading 0 native plugins for Editor in 0.00 ms.
Mono: successfully reloaded assembly
- Completed reload, in  0.905 seconds
Platform modules already initialized, skipping
Refreshing native plugins compatible for Editor in 0.70 ms, found 2 plugins.
Preloading 0 native plugins for Editor in 0.00 ms.
Unloading 3719 Unused Serialized files (Serialized files now loaded: 0)
System memory in use before: 145.9 MB.
System memory in use after: 146.2 MB.

Unloading 12 unused Assets to reduce memory usage. Loaded Objects now: 4461.
Total: 2.632400 ms (FindLiveObjects: 0.319000 ms CreateObjectMapping: 0.190300 ms MarkObjects: 2.107400 ms  DeleteObjects: 0.014700 ms)

========================================================================
Received Prepare
Registering precompiled user dll's ...
Registered in 0.003094 seconds.
Begin MonoManager ReloadAssembly
Native extension for WindowsStandalone target not found
Refreshing native plugins compatible for Editor in 0.74 ms, found 2 plugins.
Preloading 0 native plugins for Editor in 0.00 ms.
Mono: successfully reloaded assembly
- Completed reload, in  0.915 seconds
Platform modules already initialized, skipping
Refreshing native plugins compatible for Editor in 0.65 ms, found 2 plugins.
Preloading 0 native plugins for Editor in 0.00 ms.
Unloading 3719 Unused Serialized files (Serialized files now loaded: 0)
System memory in use before: 145.9 MB.
System memory in use after: 146.2 MB.

Unloading 12 unused Assets to reduce memory usage. Loaded Objects now: 4465.
Total: 2.495500 ms (FindLiveObjects: 0.282000 ms CreateObjectMapping: 0.163700 ms MarkObjects: 2.034900 ms  DeleteObjects: 0.014100 ms)

========================================================================
Received Prepare
Registering precompiled user dll's ...
Registered in 0.002983 seconds.
Begin MonoManager ReloadAssembly
Native extension for WindowsStandalone target not found
Refreshing native plugins compatible for Editor in 0.64 ms, found 2 plugins.
Preloading 0 native plugins for Editor in 0.00 ms.
Mono: successfully reloaded assembly
- Completed reload, in  0.906 seconds
Platform modules already initialized, skipping
Refreshing native plugins compatible for Editor in 0.65 ms, found 2 plugins.
Preloading 0 native plugins for Editor in 0.00 ms.
Unloading 3719 Unused Serialized files (Serialized files now loaded: 0)
System memory in use before: 145.9 MB.
System memory in use after: 146.2 MB.

Unloading 12 unused Assets to reduce memory usage. Loaded Objects now: 4469.
Total: 2.521700 ms (FindLiveObjects: 0.275500 ms CreateObjectMapping: 0.158700 ms MarkObjects: 2.071900 ms  DeleteObjects: 0.014700 ms)

========================================================================
Received Prepare
Registering precompiled user dll's ...
Registered in 0.003044 seconds.
Begin MonoManager ReloadAssembly
Native extension for WindowsStandalone target not found
Refreshing native plugins compatible for Editor in 0.66 ms, found 2 plugins.
Preloading 0 native plugins for Editor in 0.00 ms.
Mono: successfully reloaded assembly
- Completed reload, in  0.906 seconds
Platform modules already initialized, skipping
Refreshing native plugins compatible for Editor in 0.64 ms, found 2 plugins.
Preloading 0 native plugins for Editor in 0.00 ms.
Unloading 3719 Unused Serialized files (Serialized files now loaded: 0)
System memory in use before: 146.0 MB.
System memory in use after: 146.2 MB.

Unloading 12 unused Assets to reduce memory usage. Loaded Objects now: 4473.
Total: 2.502200 ms (FindLiveObjects: 0.284200 ms CreateObjectMapping: 0.142100 ms MarkObjects: 2.061500 ms  DeleteObjects: 0.013600 ms)

========================================================================
Received Prepare
Registering precompiled user dll's ...
Registered in 0.003011 seconds.
Begin MonoManager ReloadAssembly
Native extension for WindowsStandalone target not found
Refreshing native plugins compatible for Editor in 0.66 ms, found 2 plugins.
Preloading 0 native plugins for Editor in 0.00 ms.
Mono: successfully reloaded assembly
- Completed reload, in  0.936 seconds
Platform modules already initialized, skipping
Refreshing native plugins compatible for Editor in 0.67 ms, found 2 plugins.
Preloading 0 native plugins for Editor in 0.00 ms.
Unloading 3719 Unused Serialized files (Serialized files now loaded: 0)
System memory in use before: 145.9 MB.
System memory in use after: 146.2 MB.

Unloading 12 unused Assets to reduce memory usage. Loaded Objects now: 4477.
Total: 2.384400 ms (FindLiveObjects: 0.299300 ms CreateObjectMapping: 0.178700 ms MarkObjects: 1.892100 ms  DeleteObjects: 0.013300 ms)

========================================================================
Received Prepare
Registering precompiled user dll's ...
Registered in 0.003138 seconds.
Begin MonoManager ReloadAssembly
Native extension for WindowsStandalone target not found
Refreshing native plugins compatible for Editor in 0.91 ms, found 2 plugins.
Preloading 0 native plugins for Editor in 0.00 ms.
Mono: successfully reloaded assembly
- Completed reload, in  1.012 seconds
Platform modules already initialized, skipping
Refreshing native plugins compatible for Editor in 0.66 ms, found 2 plugins.
Preloading 0 native plugins for Editor in 0.00 ms.
Unloading 3719 Unused Serialized files (Serialized files now loaded: 0)
System memory in use before: 146.0 MB.
System memory in use after: 146.2 MB.

Unloading 12 unused Assets to reduce memory usage. Loaded Objects now: 4481.
Total: 2.378600 ms (FindLiveObjects: 0.290800 ms CreateObjectMapping: 0.177200 ms MarkObjects: 1.895600 ms  DeleteObjects: 0.013900 ms)

========================================================================
Received Prepare
Registering precompiled user dll's ...
Registered in 0.003122 seconds.
Begin MonoManager ReloadAssembly
Native extension for WindowsStandalone target not found
Refreshing native plugins compatible for Editor in 0.66 ms, found 2 plugins.
Preloading 0 native plugins for Editor in 0.00 ms.
Mono: successfully reloaded assembly
- Completed reload, in  0.951 seconds
Platform modules already initialized, skipping
Refreshing native plugins compatible for Editor in 0.65 ms, found 2 plugins.
Preloading 0 native plugins for Editor in 0.00 ms.
Unloading 3719 Unused Serialized files (Serialized files now loaded: 0)
System memory in use before: 146.0 MB.
System memory in use after: 146.2 MB.

Unloading 12 unused Assets to reduce memory usage. Loaded Objects now: 4485.
Total: 2.527400 ms (FindLiveObjects: 0.299300 ms CreateObjectMapping: 0.181400 ms MarkObjects: 2.031100 ms  DeleteObjects: 0.014500 ms)

========================================================================
Received Prepare
Registering precompiled user dll's ...
Registered in 0.003837 seconds.
Begin MonoManager ReloadAssembly
Native extension for WindowsStandalone target not found
Refreshing native plugins compatible for Editor in 0.67 ms, found 2 plugins.
Preloading 0 native plugins for Editor in 0.00 ms.
Mono: successfully reloaded assembly
- Completed reload, in  0.959 seconds
Platform modules already initialized, skipping
Refreshing native plugins compatible for Editor in 0.65 ms, found 2 plugins.
Preloading 0 native plugins for Editor in 0.00 ms.
Unloading 3719 Unused Serialized files (Serialized files now loaded: 0)
System memory in use before: 146.0 MB.
System memory in use after: 146.2 MB.

Unloading 12 unused Assets to reduce memory usage. Loaded Objects now: 4489.
Total: 2.274000 ms (FindLiveObjects: 0.265600 ms CreateObjectMapping: 0.142600 ms MarkObjects: 1.852300 ms  DeleteObjects: 0.012600 ms)

========================================================================
Received Prepare
Registering precompiled user dll's ...
Registered in 0.002915 seconds.
Begin MonoManager ReloadAssembly
Native extension for WindowsStandalone target not found
Refreshing native plugins compatible for Editor in 0.80 ms, found 2 plugins.
Preloading 0 native plugins for Editor in 0.00 ms.
Mono: successfully reloaded assembly
- Completed reload, in  0.899 seconds
Platform modules already initialized, skipping
Refreshing native plugins compatible for Editor in 0.66 ms, found 2 plugins.
Preloading 0 native plugins for Editor in 0.00 ms.
Unloading 3719 Unused Serialized files (Serialized files now loaded: 0)
System memory in use before: 146.0 MB.
System memory in use after: 146.2 MB.

Unloading 12 unused Assets to reduce memory usage. Loaded Objects now: 4493.
Total: 2.364500 ms (FindLiveObjects: 0.284200 ms CreateObjectMapping: 0.153000 ms MarkObjects: 1.912900 ms  DeleteObjects: 0.013300 ms)

========================================================================
Received Prepare
Registering precompiled user dll's ...
Registered in 0.002982 seconds.
Begin MonoManager ReloadAssembly
Native extension for WindowsStandalone target not found
Refreshing native plugins compatible for Editor in 0.67 ms, found 2 plugins.
Preloading 0 native plugins for Editor in 0.00 ms.
Mono: successfully reloaded assembly
- Completed reload, in  0.916 seconds
Platform modules already initialized, skipping
Refreshing native plugins compatible for Editor in 0.67 ms, found 2 plugins.
Preloading 0 native plugins for Editor in 0.00 ms.
Unloading 3719 Unused Serialized files (Serialized files now loaded: 0)
System memory in use before: 146.0 MB.
System memory in use after: 146.2 MB.

Unloading 12 unused Assets to reduce memory usage. Loaded Objects now: 4497.
Total: 2.354200 ms (FindLiveObjects: 0.297800 ms CreateObjectMapping: 0.145700 ms MarkObjects: 1.897100 ms  DeleteObjects: 0.012600 ms)

AssetImportWorkerClient::OnTransportError - code=2 error=End of file
